<?xml version="1.0" encoding="UTF-8"?>
<coverage generated="1762715596670" clover="3.2.0">
  <project timestamp="1762715596670" name="All files">
    <metrics statements="663" coveredstatements="108" conditionals="410" coveredconditionals="13" methods="64" coveredmethods="4" elements="1137" coveredelements="125" complexity="0" loc="663" ncloc="663" packages="1" files="1" classes="1"/>
    <file name="index.js" path="D:\PU\Mini Project\Professor_Publication\Backend\index.js">
      <metrics statements="663" coveredstatements="108" conditionals="410" coveredconditionals="13" methods="64" coveredmethods="4"/>
      <line num="1" count="2" type="stmt"/>
      <line num="2" count="2" type="stmt"/>
      <line num="3" count="2" type="stmt"/>
      <line num="4" count="2" type="stmt"/>
      <line num="5" count="2" type="stmt"/>
      <line num="6" count="2" type="stmt"/>
      <line num="7" count="2" type="stmt"/>
      <line num="8" count="2" type="stmt"/>
      <line num="9" count="2" type="stmt"/>
      <line num="10" count="2" type="stmt"/>
      <line num="12" count="2" type="stmt"/>
      <line num="13" count="2" type="cond" truecount="2" falsecount="0"/>
      <line num="16" count="2" type="stmt"/>
      <line num="25" count="2" type="stmt"/>
      <line num="28" count="2" type="stmt"/>
      <line num="29" count="3" type="stmt"/>
      <line num="30" count="3" type="stmt"/>
      <line num="31" count="3" type="stmt"/>
      <line num="32" count="3" type="stmt"/>
      <line num="33" count="3" type="stmt"/>
      <line num="37" count="2" type="cond" truecount="1" falsecount="1"/>
      <line num="38" count="0" type="stmt"/>
      <line num="39" count="0" type="stmt"/>
      <line num="40" count="0" type="stmt"/>
      <line num="44" count="2" type="stmt"/>
      <line num="45" count="0" type="stmt"/>
      <line num="46" count="0" type="cond" truecount="0" falsecount="2"/>
      <line num="48" count="0" type="cond" truecount="0" falsecount="2"/>
      <line num="49" count="0" type="stmt"/>
      <line num="55" count="0" type="stmt"/>
      <line num="56" count="0" type="cond" truecount="0" falsecount="2"/>
      <line num="57" count="0" type="stmt"/>
      <line num="62" count="0" type="stmt"/>
      <line num="63" count="0" type="stmt"/>
      <line num="68" count="2" type="stmt"/>
      <line num="69" count="1" type="stmt"/>
      <line num="73" count="2" type="stmt"/>
      <line num="74" count="0" type="stmt"/>
      <line num="75" count="0" type="stmt"/>
      <line num="77" count="0" type="cond" truecount="0" falsecount="2"/>
      <line num="78" count="0" type="stmt"/>
      <line num="85" count="0" type="stmt"/>
      <line num="86" count="0" type="stmt"/>
      <line num="87" count="0" type="stmt"/>
      <line num="88" count="0" type="stmt"/>
      <line num="90" count="0" type="stmt"/>
      <line num="91" count="0" type="stmt"/>
      <line num="99" count="0" type="stmt"/>
      <line num="101" count="0" type="cond" truecount="0" falsecount="2"/>
      <line num="102" count="0" type="stmt"/>
      <line num="109" count="0" type="stmt"/>
      <line num="116" count="0" type="stmt"/>
      <line num="117" count="0" type="stmt"/>
      <line num="126" count="2" type="stmt"/>
      <line num="129" count="2" type="stmt"/>
      <line num="130" count="1" type="stmt"/>
      <line num="131" count="1" type="stmt"/>
      <line num="132" count="1" type="stmt"/>
      <line num="133" count="1" type="stmt"/>
      <line num="134" count="1" type="stmt"/>
      <line num="135" count="1" type="stmt"/>
      <line num="136" count="1" type="stmt"/>
      <line num="138" count="1" type="stmt"/>
      <line num="139" count="1" type="cond" truecount="1" falsecount="1"/>
      <line num="140" count="0" type="stmt"/>
      <line num="142" count="1" type="cond" truecount="1" falsecount="1"/>
      <line num="143" count="0" type="stmt"/>
      <line num="147" count="1" type="stmt"/>
      <line num="148" count="1" type="cond" truecount="1" falsecount="1"/>
      <line num="149" count="1" type="cond" truecount="1" falsecount="1"/>
      <line num="150" count="0" type="stmt"/>
      <line num="153" count="1" type="stmt"/>
      <line num="154" count="1" type="stmt"/>
      <line num="161" count="1" type="stmt"/>
      <line num="162" count="1" type="stmt"/>
      <line num="163" count="1" type="stmt"/>
      <line num="165" count="1" type="stmt"/>
      <line num="170" count="0" type="stmt"/>
      <line num="171" count="0" type="stmt"/>
      <line num="176" count="2" type="stmt"/>
      <line num="177" count="1" type="stmt"/>
      <line num="178" count="1" type="stmt"/>
      <line num="179" count="1" type="stmt"/>
      <line num="180" count="1" type="stmt"/>
      <line num="181" count="1" type="cond" truecount="1" falsecount="1"/>
      <line num="182" count="0" type="stmt"/>
      <line num="184" count="1" type="stmt"/>
      <line num="185" count="1" type="cond" truecount="1" falsecount="1"/>
      <line num="186" count="0" type="stmt"/>
      <line num="188" count="1" type="stmt"/>
      <line num="194" count="1" type="stmt"/>
      <line num="196" count="0" type="stmt"/>
      <line num="205" count="2" type="stmt"/>
      <line num="206" count="0" type="stmt"/>
      <line num="207" count="0" type="stmt"/>
      <line num="208" count="0" type="cond" truecount="0" falsecount="2"/>
      <line num="209" count="0" type="stmt"/>
      <line num="211" count="0" type="stmt"/>
      <line num="212" count="0" type="stmt"/>
      <line num="214" count="0" type="stmt"/>
      <line num="215" count="0" type="stmt"/>
      <line num="220" count="2" type="stmt"/>
      <line num="221" count="0" type="stmt"/>
      <line num="222" count="0" type="stmt"/>
      <line num="225" count="0" type="stmt"/>
      <line num="226" count="0" type="stmt"/>
      <line num="227" count="0" type="stmt"/>
      <line num="228" count="0" type="stmt"/>
      <line num="230" count="0" type="stmt"/>
      <line num="236" count="0" type="cond" truecount="0" falsecount="2"/>
      <line num="237" count="0" type="stmt"/>
      <line num="240" count="0" type="stmt"/>
      <line num="241" count="0" type="stmt"/>
      <line num="246" count="0" type="stmt"/>
      <line num="247" count="0" type="stmt"/>
      <line num="252" count="2" type="stmt"/>
      <line num="253" count="0" type="stmt"/>
      <line num="254" count="0" type="stmt"/>
      <line num="255" count="0" type="stmt"/>
      <line num="256" count="0" type="stmt"/>
      <line num="259" count="0" type="stmt"/>
      <line num="260" count="0" type="cond" truecount="0" falsecount="2"/>
      <line num="261" count="0" type="stmt"/>
      <line num="263" count="0" type="cond" truecount="0" falsecount="4"/>
      <line num="264" count="0" type="stmt"/>
      <line num="265" count="0" type="stmt"/>
      <line num="268" count="0" type="stmt"/>
      <line num="269" count="0" type="stmt"/>
      <line num="271" count="0" type="cond" truecount="0" falsecount="2"/>
      <line num="273" count="0" type="cond" truecount="0" falsecount="2"/>
      <line num="274" count="0" type="stmt"/>
      <line num="275" count="0" type="stmt"/>
      <line num="278" count="0" type="stmt"/>
      <line num="279" count="0" type="stmt"/>
      <line num="281" count="0" type="stmt"/>
      <line num="282" count="0" type="stmt"/>
      <line num="287" count="2" type="stmt"/>
      <line num="288" count="0" type="stmt"/>
      <line num="289" count="0" type="stmt"/>
      <line num="290" count="0" type="stmt"/>
      <line num="291" count="0" type="stmt"/>
      <line num="293" count="0" type="stmt"/>
      <line num="294" count="0" type="stmt"/>
      <line num="296" count="0" type="cond" truecount="0" falsecount="2"/>
      <line num="298" count="0" type="cond" truecount="0" falsecount="2"/>
      <line num="299" count="0" type="stmt"/>
      <line num="300" count="0" type="stmt"/>
      <line num="304" count="0" type="stmt"/>
      <line num="319" count="0" type="stmt"/>
      <line num="320" count="0" type="stmt"/>
      <line num="322" count="0" type="stmt"/>
      <line num="323" count="0" type="stmt"/>
      <line num="328" count="2" type="stmt"/>
      <line num="329" count="0" type="stmt"/>
      <line num="330" count="0" type="stmt"/>
      <line num="332" count="0" type="stmt"/>
      <line num="338" count="0" type="cond" truecount="0" falsecount="2"/>
      <line num="339" count="0" type="stmt"/>
      <line num="342" count="0" type="stmt"/>
      <line num="343" count="0" type="stmt"/>
      <line num="348" count="0" type="stmt"/>
      <line num="349" count="0" type="stmt"/>
      <line num="354" count="2" type="stmt"/>
      <line num="355" count="0" type="stmt"/>
      <line num="356" count="0" type="stmt"/>
      <line num="357" count="0" type="cond" truecount="0" falsecount="2"/>
      <line num="358" count="0" type="stmt"/>
      <line num="362" count="0" type="stmt"/>
      <line num="386" count="0" type="stmt"/>
      <line num="388" count="0" type="stmt"/>
      <line num="389" count="0" type="stmt"/>
      <line num="394" count="2" type="stmt"/>
      <line num="395" count="0" type="stmt"/>
      <line num="396" count="0" type="stmt"/>
      <line num="398" count="0" type="stmt"/>
      <line num="409" count="0" type="cond" truecount="0" falsecount="2"/>
      <line num="410" count="0" type="stmt"/>
      <line num="413" count="0" type="stmt"/>
      <line num="414" count="0" type="stmt"/>
      <line num="423" count="0" type="stmt"/>
      <line num="424" count="0" type="stmt"/>
      <line num="429" count="2" type="stmt"/>
      <line num="430" count="0" type="stmt"/>
      <line num="431" count="0" type="stmt"/>
      <line num="432" count="0" type="stmt"/>
      <line num="433" count="0" type="cond" truecount="0" falsecount="2"/>
      <line num="435" count="0" type="stmt"/>
      <line num="436" count="0" type="cond" truecount="0" falsecount="2"/>
      <line num="437" count="0" type="stmt"/>
      <line num="441" count="0" type="stmt"/>
      <line num="444" count="0" type="stmt"/>
      <line num="445" count="0" type="stmt"/>
      <line num="454" count="0" type="stmt"/>
      <line num="464" count="0" type="stmt"/>
      <line num="465" count="0" type="stmt"/>
      <line num="467" count="0" type="stmt"/>
      <line num="469" count="0" type="stmt"/>
      <line num="470" count="0" type="stmt"/>
      <line num="475" count="2" type="stmt"/>
      <line num="476" count="0" type="stmt"/>
      <line num="477" count="0" type="stmt"/>
      <line num="479" count="0" type="stmt"/>
      <line num="490" count="0" type="cond" truecount="0" falsecount="2"/>
      <line num="491" count="0" type="stmt"/>
      <line num="494" count="0" type="stmt"/>
      <line num="495" count="0" type="stmt"/>
      <line num="504" count="0" type="stmt"/>
      <line num="505" count="0" type="stmt"/>
      <line num="510" count="2" type="stmt"/>
      <line num="511" count="0" type="stmt"/>
      <line num="512" count="0" type="stmt"/>
      <line num="513" count="0" type="cond" truecount="0" falsecount="2"/>
      <line num="514" count="0" type="stmt"/>
      <line num="518" count="0" type="stmt"/>
      <line num="534" count="0" type="stmt"/>
      <line num="536" count="0" type="stmt"/>
      <line num="537" count="0" type="stmt"/>
      <line num="542" count="2" type="stmt"/>
      <line num="543" count="0" type="stmt"/>
      <line num="544" count="0" type="stmt"/>
      <line num="546" count="0" type="stmt"/>
      <line num="556" count="0" type="cond" truecount="0" falsecount="2"/>
      <line num="557" count="0" type="stmt"/>
      <line num="560" count="0" type="stmt"/>
      <line num="561" count="0" type="stmt"/>
      <line num="569" count="0" type="stmt"/>
      <line num="570" count="0" type="stmt"/>
      <line num="575" count="2" type="stmt"/>
      <line num="576" count="0" type="stmt"/>
      <line num="577" count="0" type="stmt"/>
      <line num="578" count="0" type="cond" truecount="0" falsecount="2"/>
      <line num="579" count="0" type="stmt"/>
      <line num="583" count="0" type="stmt"/>
      <line num="587" count="0" type="stmt"/>
      <line num="589" count="0" type="stmt"/>
      <line num="590" count="0" type="stmt"/>
      <line num="595" count="2" type="stmt"/>
      <line num="596" count="0" type="stmt"/>
      <line num="597" count="0" type="stmt"/>
      <line num="599" count="0" type="stmt"/>
      <line num="608" count="0" type="cond" truecount="0" falsecount="2"/>
      <line num="609" count="0" type="stmt"/>
      <line num="612" count="0" type="stmt"/>
      <line num="613" count="0" type="stmt"/>
      <line num="620" count="0" type="stmt"/>
      <line num="621" count="0" type="stmt"/>
      <line num="626" count="2" type="stmt"/>
      <line num="627" count="0" type="stmt"/>
      <line num="628" count="0" type="stmt"/>
      <line num="629" count="0" type="cond" truecount="0" falsecount="2"/>
      <line num="630" count="0" type="stmt"/>
      <line num="634" count="0" type="stmt"/>
      <line num="660" count="0" type="stmt"/>
      <line num="662" count="0" type="stmt"/>
      <line num="663" count="0" type="stmt"/>
      <line num="668" count="2" type="stmt"/>
      <line num="669" count="0" type="stmt"/>
      <line num="670" count="0" type="stmt"/>
      <line num="672" count="0" type="stmt"/>
      <line num="683" count="0" type="cond" truecount="0" falsecount="2"/>
      <line num="684" count="0" type="stmt"/>
      <line num="687" count="0" type="stmt"/>
      <line num="688" count="0" type="stmt"/>
      <line num="697" count="0" type="stmt"/>
      <line num="698" count="0" type="stmt"/>
      <line num="707" count="2" type="stmt"/>
      <line num="708" count="0" type="stmt"/>
      <line num="709" count="0" type="stmt"/>
      <line num="710" count="0" type="stmt"/>
      <line num="711" count="0" type="cond" truecount="0" falsecount="2"/>
      <line num="712" count="0" type="stmt"/>
      <line num="716" count="0" type="stmt"/>
      <line num="740" count="0" type="stmt"/>
      <line num="742" count="0" type="stmt"/>
      <line num="743" count="0" type="stmt"/>
      <line num="748" count="2" type="stmt"/>
      <line num="749" count="0" type="stmt"/>
      <line num="750" count="0" type="stmt"/>
      <line num="751" count="0" type="stmt"/>
      <line num="752" count="0" type="cond" truecount="0" falsecount="2"/>
      <line num="753" count="0" type="stmt"/>
      <line num="757" count="0" type="stmt"/>
      <line num="798" count="0" type="stmt"/>
      <line num="800" count="0" type="stmt"/>
      <line num="801" count="0" type="stmt"/>
      <line num="806" count="2" type="stmt"/>
      <line num="807" count="0" type="stmt"/>
      <line num="808" count="0" type="stmt"/>
      <line num="809" count="0" type="stmt"/>
      <line num="810" count="0" type="cond" truecount="0" falsecount="2"/>
      <line num="811" count="0" type="stmt"/>
      <line num="815" count="0" type="stmt"/>
      <line num="827" count="0" type="stmt"/>
      <line num="829" count="0" type="stmt"/>
      <line num="830" count="0" type="stmt"/>
      <line num="835" count="2" type="stmt"/>
      <line num="836" count="0" type="stmt"/>
      <line num="837" count="0" type="stmt"/>
      <line num="838" count="0" type="stmt"/>
      <line num="839" count="0" type="cond" truecount="0" falsecount="2"/>
      <line num="840" count="0" type="stmt"/>
      <line num="844" count="0" type="stmt"/>
      <line num="854" count="0" type="stmt"/>
      <line num="856" count="0" type="stmt"/>
      <line num="857" count="0" type="stmt"/>
      <line num="862" count="2" type="stmt"/>
      <line num="863" count="0" type="stmt"/>
      <line num="864" count="0" type="stmt"/>
      <line num="865" count="0" type="stmt"/>
      <line num="866" count="0" type="cond" truecount="0" falsecount="2"/>
      <line num="867" count="0" type="stmt"/>
      <line num="871" count="0" type="stmt"/>
      <line num="897" count="0" type="stmt"/>
      <line num="899" count="0" type="stmt"/>
      <line num="900" count="0" type="stmt"/>
      <line num="909" count="2" type="stmt"/>
      <line num="910" count="0" type="stmt"/>
      <line num="911" count="0" type="stmt"/>
      <line num="912" count="0" type="stmt"/>
      <line num="913" count="0" type="cond" truecount="0" falsecount="2"/>
      <line num="914" count="0" type="stmt"/>
      <line num="918" count="0" type="stmt"/>
      <line num="945" count="0" type="stmt"/>
      <line num="947" count="0" type="stmt"/>
      <line num="948" count="0" type="stmt"/>
      <line num="953" count="2" type="stmt"/>
      <line num="954" count="0" type="stmt"/>
      <line num="955" count="0" type="stmt"/>
      <line num="956" count="0" type="stmt"/>
      <line num="958" count="0" type="stmt"/>
      <line num="969" count="0" type="cond" truecount="0" falsecount="2"/>
      <line num="970" count="0" type="stmt"/>
      <line num="973" count="0" type="stmt"/>
      <line num="974" count="0" type="stmt"/>
      <line num="983" count="0" type="stmt"/>
      <line num="984" count="0" type="stmt"/>
      <line num="993" count="2" type="stmt"/>
      <line num="994" count="0" type="stmt"/>
      <line num="995" count="0" type="stmt"/>
      <line num="996" count="0" type="stmt"/>
      <line num="997" count="0" type="cond" truecount="0" falsecount="2"/>
      <line num="998" count="0" type="stmt"/>
      <line num="1002" count="0" type="stmt"/>
      <line num="1041" count="0" type="stmt"/>
      <line num="1043" count="0" type="stmt"/>
      <line num="1044" count="0" type="stmt"/>
      <line num="1049" count="2" type="stmt"/>
      <line num="1050" count="0" type="stmt"/>
      <line num="1051" count="0" type="stmt"/>
      <line num="1052" count="0" type="stmt"/>
      <line num="1054" count="0" type="stmt"/>
      <line num="1067" count="0" type="cond" truecount="0" falsecount="2"/>
      <line num="1068" count="0" type="stmt"/>
      <line num="1071" count="0" type="stmt"/>
      <line num="1072" count="0" type="stmt"/>
      <line num="1083" count="0" type="stmt"/>
      <line num="1084" count="0" type="stmt"/>
      <line num="1093" count="2" type="stmt"/>
      <line num="1094" count="0" type="stmt"/>
      <line num="1095" count="0" type="stmt"/>
      <line num="1096" count="0" type="stmt"/>
      <line num="1097" count="0" type="cond" truecount="0" falsecount="2"/>
      <line num="1098" count="0" type="stmt"/>
      <line num="1102" count="0" type="stmt"/>
      <line num="1120" count="0" type="stmt"/>
      <line num="1122" count="0" type="stmt"/>
      <line num="1123" count="0" type="stmt"/>
      <line num="1128" count="2" type="stmt"/>
      <line num="1129" count="0" type="stmt"/>
      <line num="1130" count="0" type="stmt"/>
      <line num="1131" count="0" type="stmt"/>
      <line num="1133" count="0" type="stmt"/>
      <line num="1143" count="0" type="cond" truecount="0" falsecount="2"/>
      <line num="1144" count="0" type="stmt"/>
      <line num="1147" count="0" type="stmt"/>
      <line num="1148" count="0" type="stmt"/>
      <line num="1156" count="0" type="stmt"/>
      <line num="1157" count="0" type="stmt"/>
      <line num="1166" count="2" type="stmt"/>
      <line num="1167" count="0" type="stmt"/>
      <line num="1168" count="0" type="stmt"/>
      <line num="1169" count="0" type="stmt"/>
      <line num="1171" count="0" type="cond" truecount="0" falsecount="2"/>
      <line num="1172" count="0" type="stmt"/>
      <line num="1176" count="0" type="stmt"/>
      <line num="1183" count="0" type="stmt"/>
      <line num="1184" count="0" type="stmt"/>
      <line num="1189" count="2" type="stmt"/>
      <line num="1190" count="0" type="stmt"/>
      <line num="1191" count="0" type="stmt"/>
      <line num="1192" count="0" type="stmt"/>
      <line num="1194" count="0" type="stmt"/>
      <line num="1205" count="0" type="cond" truecount="0" falsecount="2"/>
      <line num="1206" count="0" type="stmt"/>
      <line num="1209" count="0" type="stmt"/>
      <line num="1210" count="0" type="stmt"/>
      <line num="1220" count="0" type="stmt"/>
      <line num="1221" count="0" type="stmt"/>
      <line num="1234" count="2" type="stmt"/>
      <line num="1235" count="0" type="stmt"/>
      <line num="1236" count="0" type="stmt"/>
      <line num="1237" count="0" type="cond" truecount="0" falsecount="2"/>
      <line num="1238" count="0" type="stmt"/>
      <line num="1242" count="0" type="stmt"/>
      <line num="1251" count="0" type="stmt"/>
      <line num="1253" count="0" type="stmt"/>
      <line num="1254" count="0" type="stmt"/>
      <line num="1259" count="2" type="stmt"/>
      <line num="1260" count="0" type="stmt"/>
      <line num="1261" count="0" type="stmt"/>
      <line num="1263" count="0" type="stmt"/>
      <line num="1272" count="0" type="cond" truecount="0" falsecount="2"/>
      <line num="1273" count="0" type="stmt"/>
      <line num="1276" count="0" type="stmt"/>
      <line num="1277" count="0" type="stmt"/>
      <line num="1284" count="0" type="stmt"/>
      <line num="1285" count="0" type="stmt"/>
      <line num="1298" count="2" type="stmt"/>
      <line num="1299" count="0" type="stmt"/>
      <line num="1300" count="0" type="stmt"/>
      <line num="1301" count="0" type="cond" truecount="0" falsecount="2"/>
      <line num="1302" count="0" type="stmt"/>
      <line num="1306" count="0" type="stmt"/>
      <line num="1316" count="0" type="stmt"/>
      <line num="1318" count="0" type="stmt"/>
      <line num="1319" count="0" type="stmt"/>
      <line num="1324" count="2" type="stmt"/>
      <line num="1325" count="0" type="stmt"/>
      <line num="1326" count="0" type="stmt"/>
      <line num="1328" count="0" type="stmt"/>
      <line num="1337" count="0" type="cond" truecount="0" falsecount="2"/>
      <line num="1338" count="0" type="stmt"/>
      <line num="1341" count="0" type="stmt"/>
      <line num="1342" count="0" type="stmt"/>
      <line num="1349" count="0" type="stmt"/>
      <line num="1350" count="0" type="stmt"/>
      <line num="1363" count="2" type="stmt"/>
      <line num="1364" count="0" type="stmt"/>
      <line num="1365" count="0" type="stmt"/>
      <line num="1366" count="0" type="stmt"/>
      <line num="1368" count="0" type="cond" truecount="0" falsecount="2"/>
      <line num="1369" count="0" type="stmt"/>
      <line num="1373" count="0" type="stmt"/>
      <line num="1379" count="0" type="stmt"/>
      <line num="1380" count="0" type="stmt"/>
      <line num="1385" count="2" type="stmt"/>
      <line num="1386" count="0" type="stmt"/>
      <line num="1387" count="0" type="stmt"/>
      <line num="1388" count="0" type="stmt"/>
      <line num="1390" count="0" type="stmt"/>
      <line num="1400" count="0" type="cond" truecount="0" falsecount="2"/>
      <line num="1401" count="0" type="stmt"/>
      <line num="1404" count="0" type="stmt"/>
      <line num="1405" count="0" type="stmt"/>
      <line num="1414" count="0" type="stmt"/>
      <line num="1415" count="0" type="stmt"/>
      <line num="1428" count="2" type="stmt"/>
      <line num="1429" count="0" type="stmt"/>
      <line num="1430" count="0" type="stmt"/>
      <line num="1431" count="0" type="stmt"/>
      <line num="1433" count="0" type="cond" truecount="0" falsecount="2"/>
      <line num="1434" count="0" type="stmt"/>
      <line num="1438" count="0" type="stmt"/>
      <line num="1445" count="0" type="stmt"/>
      <line num="1446" count="0" type="stmt"/>
      <line num="1451" count="2" type="stmt"/>
      <line num="1452" count="0" type="stmt"/>
      <line num="1453" count="0" type="stmt"/>
      <line num="1454" count="0" type="stmt"/>
      <line num="1456" count="0" type="stmt"/>
      <line num="1467" count="0" type="cond" truecount="0" falsecount="2"/>
      <line num="1468" count="0" type="stmt"/>
      <line num="1471" count="0" type="stmt"/>
      <line num="1472" count="0" type="stmt"/>
      <line num="1482" count="0" type="stmt"/>
      <line num="1483" count="0" type="stmt"/>
      <line num="1492" count="2" type="stmt"/>
      <line num="1493" count="0" type="stmt"/>
      <line num="1494" count="0" type="stmt"/>
      <line num="1498" count="0" type="stmt"/>
      <line num="1500" count="0" type="stmt"/>
      <line num="1501" count="0" type="stmt"/>
      <line num="1514" count="2" type="stmt"/>
      <line num="1515" count="0" type="stmt"/>
      <line num="1517" count="0" type="stmt"/>
      <line num="1518" count="0" type="stmt"/>
      <line num="1520" count="0" type="cond" truecount="0" falsecount="2"/>
      <line num="1521" count="0" type="stmt"/>
      <line num="1524" count="0" type="stmt"/>
      <line num="1528" count="0" type="stmt"/>
      <line num="1533" count="0" type="stmt"/>
      <line num="1534" count="0" type="stmt"/>
      <line num="1543" count="2" type="stmt"/>
      <line num="1544" count="0" type="stmt"/>
      <line num="1545" count="0" type="stmt"/>
      <line num="1546" count="0" type="cond" truecount="0" falsecount="4"/>
      <line num="1547" count="0" type="stmt"/>
      <line num="1550" count="0" type="stmt"/>
      <line num="1551" count="0" type="cond" truecount="0" falsecount="2"/>
      <line num="1552" count="0" type="stmt"/>
      <line num="1555" count="0" type="stmt"/>
      <line num="1560" count="0" type="stmt"/>
      <line num="1562" count="0" type="stmt"/>
      <line num="1563" count="0" type="stmt"/>
      <line num="1568" count="2" type="stmt"/>
      <line num="1569" count="0" type="stmt"/>
      <line num="1570" count="0" type="stmt"/>
      <line num="1571" count="0" type="cond" truecount="0" falsecount="4"/>
      <line num="1572" count="0" type="stmt"/>
      <line num="1575" count="0" type="stmt"/>
      <line num="1576" count="0" type="cond" truecount="0" falsecount="2"/>
      <line num="1577" count="0" type="stmt"/>
      <line num="1580" count="0" type="stmt"/>
      <line num="1586" count="0" type="stmt"/>
      <line num="1588" count="0" type="stmt"/>
      <line num="1589" count="0" type="stmt"/>
      <line num="1594" count="2" type="stmt"/>
      <line num="1595" count="0" type="stmt"/>
      <line num="1596" count="0" type="stmt"/>
      <line num="1597" count="0" type="cond" truecount="0" falsecount="4"/>
      <line num="1598" count="0" type="stmt"/>
      <line num="1601" count="0" type="stmt"/>
      <line num="1602" count="0" type="cond" truecount="0" falsecount="2"/>
      <line num="1603" count="0" type="stmt"/>
      <line num="1606" count="0" type="stmt"/>
      <line num="1610" count="0" type="stmt"/>
      <line num="1612" count="0" type="stmt"/>
      <line num="1613" count="0" type="stmt"/>
      <line num="1618" count="2" type="stmt"/>
      <line num="1619" count="0" type="stmt"/>
      <line num="1620" count="0" type="stmt"/>
      <line num="1621" count="0" type="cond" truecount="0" falsecount="4"/>
      <line num="1622" count="0" type="stmt"/>
      <line num="1625" count="0" type="stmt"/>
      <line num="1626" count="0" type="cond" truecount="0" falsecount="2"/>
      <line num="1627" count="0" type="stmt"/>
      <line num="1630" count="0" type="stmt"/>
      <line num="1634" count="0" type="stmt"/>
      <line num="1636" count="0" type="stmt"/>
      <line num="1637" count="0" type="stmt"/>
      <line num="1642" count="2" type="stmt"/>
      <line num="1643" count="0" type="stmt"/>
      <line num="1644" count="0" type="stmt"/>
      <line num="1645" count="0" type="cond" truecount="0" falsecount="4"/>
      <line num="1646" count="0" type="stmt"/>
      <line num="1649" count="0" type="stmt"/>
      <line num="1650" count="0" type="cond" truecount="0" falsecount="2"/>
      <line num="1651" count="0" type="stmt"/>
      <line num="1654" count="0" type="stmt"/>
      <line num="1660" count="0" type="stmt"/>
      <line num="1662" count="0" type="stmt"/>
      <line num="1663" count="0" type="stmt"/>
      <line num="1668" count="2" type="stmt"/>
      <line num="1669" count="0" type="stmt"/>
      <line num="1670" count="0" type="stmt"/>
      <line num="1671" count="0" type="cond" truecount="0" falsecount="4"/>
      <line num="1672" count="0" type="stmt"/>
      <line num="1675" count="0" type="stmt"/>
      <line num="1676" count="0" type="cond" truecount="0" falsecount="2"/>
      <line num="1677" count="0" type="stmt"/>
      <line num="1680" count="0" type="stmt"/>
      <line num="1685" count="0" type="stmt"/>
      <line num="1687" count="0" type="stmt"/>
      <line num="1688" count="0" type="stmt"/>
      <line num="1697" count="2" type="stmt"/>
      <line num="1698" count="0" type="stmt"/>
      <line num="1699" count="0" type="stmt"/>
      <line num="1700" count="0" type="cond" truecount="0" falsecount="4"/>
      <line num="1701" count="0" type="stmt"/>
      <line num="1704" count="0" type="stmt"/>
      <line num="1705" count="0" type="cond" truecount="0" falsecount="2"/>
      <line num="1706" count="0" type="stmt"/>
      <line num="1709" count="0" type="stmt"/>
      <line num="1717" count="0" type="stmt"/>
      <line num="1719" count="0" type="stmt"/>
      <line num="1720" count="0" type="stmt"/>
      <line num="1727" count="2" type="stmt"/>
      <line num="1728" count="0" type="stmt"/>
      <line num="1729" count="0" type="stmt"/>
      <line num="1732" count="0" type="stmt"/>
      <line num="1733" count="0" type="cond" truecount="0" falsecount="2"/>
      <line num="1734" count="0" type="stmt"/>
      <line num="1738" count="0" type="stmt"/>
      <line num="1739" count="0" type="cond" truecount="0" falsecount="2"/>
      <line num="1740" count="0" type="stmt"/>
      <line num="1744" count="0" type="stmt"/>
      <line num="1758" count="0" type="stmt"/>
      <line num="1761" count="0" type="stmt"/>
      <line num="1774" count="0" type="stmt"/>
      <line num="1776" count="0" type="stmt"/>
      <line num="1777" count="0" type="stmt"/>
      <line num="1779" count="0" type="stmt"/>
      <line num="1781" count="0" type="stmt"/>
      <line num="1782" count="0" type="stmt"/>
      <line num="1787" count="2" type="stmt"/>
      <line num="1788" count="0" type="stmt"/>
      <line num="1789" count="0" type="stmt"/>
      <line num="1790" count="0" type="cond" truecount="0" falsecount="2"/>
      <line num="1791" count="0" type="stmt"/>
      <line num="1794" count="0" type="stmt"/>
      <line num="1798" count="0" type="stmt"/>
      <line num="1799" count="0" type="stmt"/>
      <line num="1804" count="2" type="stmt"/>
      <line num="1805" count="0" type="stmt"/>
      <line num="1806" count="0" type="stmt"/>
      <line num="1807" count="0" type="cond" truecount="0" falsecount="2"/>
      <line num="1808" count="0" type="stmt"/>
      <line num="1811" count="0" type="stmt"/>
      <line num="1815" count="0" type="stmt"/>
      <line num="1816" count="0" type="stmt"/>
      <line num="1821" count="2" type="stmt"/>
      <line num="1822" count="0" type="stmt"/>
      <line num="1823" count="0" type="stmt"/>
      <line num="1824" count="0" type="stmt"/>
      <line num="1826" count="0" type="cond" truecount="0" falsecount="2"/>
      <line num="1827" count="0" type="stmt"/>
      <line num="1830" count="0" type="stmt"/>
      <line num="1831" count="0" type="cond" truecount="0" falsecount="2"/>
      <line num="1832" count="0" type="stmt"/>
      <line num="1836" count="0" type="stmt"/>
      <line num="1837" count="0" type="cond" truecount="0" falsecount="2"/>
      <line num="1838" count="0" type="stmt"/>
      <line num="1842" count="0" type="stmt"/>
      <line num="1843" count="0" type="stmt"/>
      <line num="1844" count="0" type="cond" truecount="0" falsecount="2"/>
      <line num="1847" count="0" type="stmt"/>
      <line num="1848" count="0" type="cond" truecount="0" falsecount="2"/>
      <line num="1849" count="0" type="stmt"/>
      <line num="1850" count="0" type="cond" truecount="0" falsecount="4"/>
      <line num="1856" count="0" type="cond" truecount="0" falsecount="2"/>
      <line num="1857" count="0" type="stmt"/>
      <line num="1858" count="0" type="stmt"/>
      <line num="1859" count="0" type="cond" truecount="0" falsecount="2"/>
      <line num="1860" count="0" type="stmt"/>
      <line num="1864" count="0" type="stmt"/>
      <line num="1866" count="0" type="stmt"/>
      <line num="1868" count="0" type="stmt"/>
      <line num="1869" count="0" type="stmt"/>
      <line num="1874" count="2" type="stmt"/>
      <line num="1875" count="0" type="stmt"/>
      <line num="1876" count="0" type="stmt"/>
      <line num="1877" count="0" type="stmt"/>
      <line num="1880" count="0" type="stmt"/>
      <line num="1881" count="0" type="cond" truecount="0" falsecount="2"/>
      <line num="1882" count="0" type="stmt"/>
      <line num="1886" count="0" type="cond" truecount="0" falsecount="2"/>
      <line num="1887" count="0" type="stmt"/>
      <line num="1888" count="0" type="cond" truecount="0" falsecount="4"/>
      <line num="1889" count="0" type="stmt"/>
      <line num="1894" count="0" type="stmt"/>
      <line num="1898" count="0" type="stmt"/>
      <line num="1899" count="0" type="cond" truecount="0" falsecount="4"/>
      <line num="1905" count="0" type="cond" truecount="0" falsecount="2"/>
      <line num="1906" count="0" type="stmt"/>
      <line num="1907" count="0" type="cond" truecount="0" falsecount="4"/>
      <line num="1908" count="0" type="stmt"/>
      <line num="1915" count="0" type="stmt"/>
      <line num="1917" count="0" type="stmt"/>
      <line num="1918" count="0" type="stmt"/>
      <line num="1923" count="2" type="cond" truecount="1" falsecount="1"/>
      <line num="1924" count="0" type="stmt"/>
      <line num="1925" count="0" type="stmt"/>
      <line num="1930" count="2" type="stmt"/>
    </file>
  </project>
</coverage>
