{"D:\\PU\\Mini Project\\Professor_Publication\\Backend\\index.js": {"path":"D:\\PU\\Mini Project\\Professor_Publication\\Backend\\index.js","statementMap":{"0":{"start":{"line":1,"column":16},"end":{"line":1,"column":34}},"1":{"start":{"line":2,"column":17},"end":{"line":2,"column":36}},"2":{"start":{"line":3,"column":13},"end":{"line":3,"column":28}},"3":{"start":{"line":4,"column":15},"end":{"line":4,"column":34}},"4":{"start":{"line":5,"column":12},"end":{"line":5,"column":35}},"5":{"start":{"line":6,"column":18},"end":{"line":6,"column":40}},"6":{"start":{"line":7,"column":22},"end":{"line":7,"column":55}},"7":{"start":{"line":8,"column":0},"end":{"line":8,"column":27}},"8":{"start":{"line":9,"column":18},"end":{"line":9,"column":29}},"9":{"start":{"line":10,"column":22},"end":{"line":10,"column":33}},"10":{"start":{"line":12,"column":12},"end":{"line":12,"column":21}},"11":{"start":{"line":13,"column":13},"end":{"line":13,"column":37}},"12":{"start":{"line":16,"column":0},"end":{"line":24,"column":4}},"13":{"start":{"line":25,"column":0},"end":{"line":25,"column":24}},"14":{"start":{"line":28,"column":0},"end":{"line":34,"column":3}},"15":{"start":{"line":29,"column":4},"end":{"line":29,"column":52}},"16":{"start":{"line":30,"column":4},"end":{"line":30,"column":42}},"17":{"start":{"line":31,"column":4},"end":{"line":31,"column":52}},"18":{"start":{"line":32,"column":4},"end":{"line":32,"column":83}},"19":{"start":{"line":33,"column":4},"end":{"line":33,"column":11}},"20":{"start":{"line":37,"column":0},"end":{"line":41,"column":1}},"21":{"start":{"line":38,"column":4},"end":{"line":40,"column":40}},"22":{"start":{"line":39,"column":20},"end":{"line":39,"column":52}},"23":{"start":{"line":40,"column":22},"end":{"line":40,"column":38}},"24":{"start":{"line":44,"column":26},"end":{"line":65,"column":1}},"25":{"start":{"line":45,"column":23},"end":{"line":45,"column":51}},"26":{"start":{"line":46,"column":18},"end":{"line":46,"column":56}},"27":{"start":{"line":48,"column":4},"end":{"line":53,"column":5}},"28":{"start":{"line":49,"column":8},"end":{"line":52,"column":11}},"29":{"start":{"line":55,"column":4},"end":{"line":64,"column":7}},"30":{"start":{"line":56,"column":8},"end":{"line":61,"column":9}},"31":{"start":{"line":57,"column":12},"end":{"line":60,"column":15}},"32":{"start":{"line":62,"column":8},"end":{"line":62,"column":24}},"33":{"start":{"line":63,"column":8},"end":{"line":63,"column":15}},"34":{"start":{"line":68,"column":0},"end":{"line":70,"column":3}},"35":{"start":{"line":69,"column":4},"end":{"line":69,"column":34}},"36":{"start":{"line":73,"column":0},"end":{"line":123,"column":3}},"37":{"start":{"line":74,"column":4},"end":{"line":122,"column":5}},"38":{"start":{"line":75,"column":27},"end":{"line":75,"column":35}},"39":{"start":{"line":77,"column":8},"end":{"line":82,"column":9}},"40":{"start":{"line":78,"column":12},"end":{"line":81,"column":15}},"41":{"start":{"line":85,"column":22},"end":{"line":85,"column":26}},"42":{"start":{"line":86,"column":8},"end":{"line":96,"column":9}},"43":{"start":{"line":87,"column":39},"end":{"line":87,"column":79}},"44":{"start":{"line":88,"column":12},"end":{"line":88,"column":47}},"45":{"start":{"line":90,"column":12},"end":{"line":90,"column":78}},"46":{"start":{"line":91,"column":12},"end":{"line":95,"column":15}},"47":{"start":{"line":99,"column":28},"end":{"line":99,"column":67}},"48":{"start":{"line":101,"column":8},"end":{"line":106,"column":9}},"49":{"start":{"line":102,"column":12},"end":{"line":105,"column":15}},"50":{"start":{"line":109,"column":8},"end":{"line":113,"column":11}},"51":{"start":{"line":116,"column":8},"end":{"line":116,"column":55}},"52":{"start":{"line":117,"column":8},"end":{"line":121,"column":11}},"53":{"start":{"line":126,"column":0},"end":{"line":126,"column":58}},"54":{"start":{"line":129,"column":0},"end":{"line":173,"column":3}},"55":{"start":{"line":130,"column":61},"end":{"line":130,"column":69}},"56":{"start":{"line":131,"column":4},"end":{"line":172,"column":5}},"57":{"start":{"line":132,"column":8},"end":{"line":132,"column":48}},"58":{"start":{"line":133,"column":8},"end":{"line":133,"column":35}},"59":{"start":{"line":134,"column":8},"end":{"line":134,"column":37}},"60":{"start":{"line":135,"column":8},"end":{"line":135,"column":35}},"61":{"start":{"line":136,"column":8},"end":{"line":136,"column":47}},"62":{"start":{"line":138,"column":34},"end":{"line":138,"column":68}},"63":{"start":{"line":139,"column":8},"end":{"line":141,"column":9}},"64":{"start":{"line":140,"column":12},"end":{"line":140,"column":76}},"65":{"start":{"line":142,"column":8},"end":{"line":144,"column":9}},"66":{"start":{"line":143,"column":12},"end":{"line":143,"column":79}},"67":{"start":{"line":147,"column":27},"end":{"line":147,"column":70}},"68":{"start":{"line":148,"column":25},"end":{"line":148,"column":42}},"69":{"start":{"line":149,"column":8},"end":{"line":151,"column":9}},"70":{"start":{"line":150,"column":12},"end":{"line":150,"column":78}},"71":{"start":{"line":153,"column":31},"end":{"line":153,"column":62}},"72":{"start":{"line":154,"column":29},"end":{"line":159,"column":10}},"73":{"start":{"line":161,"column":8},"end":{"line":161,"column":68}},"74":{"start":{"line":162,"column":31},"end":{"line":162,"column":56}},"75":{"start":{"line":163,"column":8},"end":{"line":163,"column":61}},"76":{"start":{"line":165,"column":8},"end":{"line":168,"column":11}},"77":{"start":{"line":170,"column":8},"end":{"line":170,"column":52}},"78":{"start":{"line":171,"column":8},"end":{"line":171,"column":58}},"79":{"start":{"line":176,"column":0},"end":{"line":198,"column":3}},"80":{"start":{"line":177,"column":32},"end":{"line":177,"column":40}},"81":{"start":{"line":178,"column":4},"end":{"line":197,"column":5}},"82":{"start":{"line":179,"column":8},"end":{"line":179,"column":37}},"83":{"start":{"line":180,"column":26},"end":{"line":180,"column":60}},"84":{"start":{"line":181,"column":8},"end":{"line":183,"column":9}},"85":{"start":{"line":182,"column":12},"end":{"line":182,"column":76}},"86":{"start":{"line":184,"column":34},"end":{"line":184,"column":84}},"87":{"start":{"line":185,"column":8},"end":{"line":187,"column":9}},"88":{"start":{"line":186,"column":12},"end":{"line":186,"column":76}},"89":{"start":{"line":188,"column":22},"end":{"line":193,"column":39}},"90":{"start":{"line":194,"column":8},"end":{"line":194,"column":59}},"91":{"start":{"line":196,"column":8},"end":{"line":196,"column":58}},"92":{"start":{"line":205,"column":0},"end":{"line":217,"column":3}},"93":{"start":{"line":206,"column":4},"end":{"line":216,"column":5}},"94":{"start":{"line":207,"column":26},"end":{"line":207,"column":83}},"95":{"start":{"line":208,"column":8},"end":{"line":210,"column":9}},"96":{"start":{"line":209,"column":12},"end":{"line":209,"column":76}},"97":{"start":{"line":211,"column":8},"end":{"line":211,"column":40}},"98":{"start":{"line":212,"column":8},"end":{"line":212,"column":75}},"99":{"start":{"line":214,"column":8},"end":{"line":214,"column":56}},"100":{"start":{"line":215,"column":8},"end":{"line":215,"column":58}},"101":{"start":{"line":220,"column":0},"end":{"line":249,"column":3}},"102":{"start":{"line":221,"column":4},"end":{"line":248,"column":5}},"103":{"start":{"line":222,"column":28},"end":{"line":222,"column":36}},"104":{"start":{"line":225,"column":8},"end":{"line":225,"column":36}},"105":{"start":{"line":226,"column":8},"end":{"line":226,"column":32}},"106":{"start":{"line":227,"column":8},"end":{"line":227,"column":31}},"107":{"start":{"line":228,"column":8},"end":{"line":228,"column":31}},"108":{"start":{"line":230,"column":33},"end":{"line":234,"column":9}},"109":{"start":{"line":236,"column":8},"end":{"line":238,"column":9}},"110":{"start":{"line":237,"column":12},"end":{"line":237,"column":76}},"111":{"start":{"line":240,"column":8},"end":{"line":240,"column":75}},"112":{"start":{"line":241,"column":8},"end":{"line":244,"column":11}},"113":{"start":{"line":246,"column":8},"end":{"line":246,"column":56}},"114":{"start":{"line":247,"column":8},"end":{"line":247,"column":58}},"115":{"start":{"line":252,"column":0},"end":{"line":284,"column":3}},"116":{"start":{"line":253,"column":4},"end":{"line":283,"column":5}},"117":{"start":{"line":254,"column":8},"end":{"line":254,"column":57}},"118":{"start":{"line":255,"column":8},"end":{"line":255,"column":56}},"119":{"start":{"line":256,"column":8},"end":{"line":256,"column":68}},"120":{"start":{"line":259,"column":31},"end":{"line":259,"column":68}},"121":{"start":{"line":260,"column":8},"end":{"line":260,"column":77}},"122":{"start":{"line":261,"column":8},"end":{"line":261,"column":67}},"123":{"start":{"line":263,"column":8},"end":{"line":266,"column":9}},"124":{"start":{"line":264,"column":12},"end":{"line":264,"column":51}},"125":{"start":{"line":265,"column":12},"end":{"line":265,"column":96}},"126":{"start":{"line":268,"column":28},"end":{"line":268,"column":50}},"127":{"start":{"line":269,"column":26},"end":{"line":269,"column":83}},"128":{"start":{"line":271,"column":8},"end":{"line":271,"column":73}},"129":{"start":{"line":273,"column":8},"end":{"line":276,"column":9}},"130":{"start":{"line":274,"column":12},"end":{"line":274,"column":47}},"131":{"start":{"line":275,"column":12},"end":{"line":275,"column":76}},"132":{"start":{"line":278,"column":8},"end":{"line":278,"column":64}},"133":{"start":{"line":279,"column":8},"end":{"line":279,"column":40}},"134":{"start":{"line":281,"column":8},"end":{"line":281,"column":66}},"135":{"start":{"line":282,"column":8},"end":{"line":282,"column":58}},"136":{"start":{"line":287,"column":0},"end":{"line":325,"column":3}},"137":{"start":{"line":288,"column":4},"end":{"line":324,"column":5}},"138":{"start":{"line":289,"column":8},"end":{"line":289,"column":61}},"139":{"start":{"line":290,"column":8},"end":{"line":290,"column":56}},"140":{"start":{"line":291,"column":8},"end":{"line":291,"column":64}},"141":{"start":{"line":293,"column":26},"end":{"line":293,"column":46}},"142":{"start":{"line":294,"column":24},"end":{"line":294,"column":122}},"143":{"start":{"line":296,"column":8},"end":{"line":296,"column":69}},"144":{"start":{"line":298,"column":8},"end":{"line":301,"column":9}},"145":{"start":{"line":299,"column":12},"end":{"line":299,"column":45}},"146":{"start":{"line":300,"column":12},"end":{"line":300,"column":74}},"147":{"start":{"line":304,"column":27},"end":{"line":317,"column":9}},"148":{"start":{"line":319,"column":8},"end":{"line":319,"column":67}},"149":{"start":{"line":320,"column":8},"end":{"line":320,"column":41}},"150":{"start":{"line":322,"column":8},"end":{"line":322,"column":69}},"151":{"start":{"line":323,"column":8},"end":{"line":323,"column":58}},"152":{"start":{"line":328,"column":0},"end":{"line":351,"column":3}},"153":{"start":{"line":329,"column":4},"end":{"line":350,"column":5}},"154":{"start":{"line":330,"column":8},"end":{"line":330,"column":59}},"155":{"start":{"line":332,"column":28},"end":{"line":336,"column":9}},"156":{"start":{"line":338,"column":8},"end":{"line":340,"column":9}},"157":{"start":{"line":339,"column":12},"end":{"line":339,"column":71}},"158":{"start":{"line":342,"column":8},"end":{"line":342,"column":57}},"159":{"start":{"line":343,"column":8},"end":{"line":346,"column":11}},"160":{"start":{"line":348,"column":8},"end":{"line":348,"column":54}},"161":{"start":{"line":349,"column":8},"end":{"line":349,"column":58}},"162":{"start":{"line":354,"column":0},"end":{"line":391,"column":3}},"163":{"start":{"line":355,"column":4},"end":{"line":390,"column":5}},"164":{"start":{"line":356,"column":26},"end":{"line":356,"column":83}},"165":{"start":{"line":357,"column":8},"end":{"line":359,"column":9}},"166":{"start":{"line":358,"column":12},"end":{"line":358,"column":76}},"167":{"start":{"line":362,"column":31},"end":{"line":384,"column":9}},"168":{"start":{"line":386,"column":8},"end":{"line":386,"column":45}},"169":{"start":{"line":388,"column":8},"end":{"line":388,"column":59}},"170":{"start":{"line":389,"column":8},"end":{"line":389,"column":58}},"171":{"start":{"line":394,"column":0},"end":{"line":426,"column":3}},"172":{"start":{"line":395,"column":4},"end":{"line":425,"column":5}},"173":{"start":{"line":396,"column":31},"end":{"line":396,"column":39}},"174":{"start":{"line":398,"column":33},"end":{"line":407,"column":9}},"175":{"start":{"line":409,"column":8},"end":{"line":411,"column":9}},"176":{"start":{"line":410,"column":12},"end":{"line":410,"column":76}},"177":{"start":{"line":413,"column":8},"end":{"line":413,"column":78}},"178":{"start":{"line":414,"column":8},"end":{"line":421,"column":11}},"179":{"start":{"line":423,"column":8},"end":{"line":423,"column":59}},"180":{"start":{"line":424,"column":8},"end":{"line":424,"column":58}},"181":{"start":{"line":429,"column":0},"end":{"line":472,"column":3}},"182":{"start":{"line":430,"column":4},"end":{"line":471,"column":5}},"183":{"start":{"line":431,"column":30},"end":{"line":431,"column":39}},"184":{"start":{"line":432,"column":28},"end":{"line":432,"column":39}},"185":{"start":{"line":433,"column":30},"end":{"line":433,"column":54}},"186":{"start":{"line":435,"column":26},"end":{"line":435,"column":87}},"187":{"start":{"line":436,"column":8},"end":{"line":438,"column":9}},"188":{"start":{"line":437,"column":12},"end":{"line":437,"column":76}},"189":{"start":{"line":441,"column":29},"end":{"line":441,"column":60}},"190":{"start":{"line":444,"column":37},"end":{"line":451,"column":9}},"191":{"start":{"line":445,"column":12},"end":{"line":450,"column":16}},"192":{"start":{"line":445,"column":44},"end":{"line":450,"column":13}},"193":{"start":{"line":454,"column":33},"end":{"line":461,"column":9}},"194":{"start":{"line":464,"column":8},"end":{"line":464,"column":53}},"195":{"start":{"line":465,"column":8},"end":{"line":465,"column":59}},"196":{"start":{"line":467,"column":8},"end":{"line":467,"column":47}},"197":{"start":{"line":469,"column":8},"end":{"line":469,"column":61}},"198":{"start":{"line":470,"column":8},"end":{"line":470,"column":58}},"199":{"start":{"line":475,"column":0},"end":{"line":507,"column":3}},"200":{"start":{"line":476,"column":4},"end":{"line":506,"column":5}},"201":{"start":{"line":477,"column":33},"end":{"line":477,"column":41}},"202":{"start":{"line":479,"column":33},"end":{"line":488,"column":9}},"203":{"start":{"line":490,"column":8},"end":{"line":492,"column":9}},"204":{"start":{"line":491,"column":12},"end":{"line":491,"column":76}},"205":{"start":{"line":494,"column":8},"end":{"line":494,"column":80}},"206":{"start":{"line":495,"column":8},"end":{"line":502,"column":11}},"207":{"start":{"line":504,"column":8},"end":{"line":504,"column":61}},"208":{"start":{"line":505,"column":8},"end":{"line":505,"column":58}},"209":{"start":{"line":510,"column":0},"end":{"line":539,"column":3}},"210":{"start":{"line":511,"column":4},"end":{"line":538,"column":5}},"211":{"start":{"line":512,"column":26},"end":{"line":512,"column":83}},"212":{"start":{"line":513,"column":8},"end":{"line":515,"column":9}},"213":{"start":{"line":514,"column":12},"end":{"line":514,"column":76}},"214":{"start":{"line":518,"column":28},"end":{"line":532,"column":9}},"215":{"start":{"line":534,"column":8},"end":{"line":534,"column":42}},"216":{"start":{"line":536,"column":8},"end":{"line":536,"column":56}},"217":{"start":{"line":537,"column":8},"end":{"line":537,"column":58}},"218":{"start":{"line":542,"column":0},"end":{"line":572,"column":3}},"219":{"start":{"line":543,"column":4},"end":{"line":571,"column":5}},"220":{"start":{"line":544,"column":28},"end":{"line":544,"column":36}},"221":{"start":{"line":546,"column":33},"end":{"line":554,"column":9}},"222":{"start":{"line":556,"column":8},"end":{"line":558,"column":9}},"223":{"start":{"line":557,"column":12},"end":{"line":557,"column":76}},"224":{"start":{"line":560,"column":8},"end":{"line":560,"column":75}},"225":{"start":{"line":561,"column":8},"end":{"line":567,"column":11}},"226":{"start":{"line":569,"column":8},"end":{"line":569,"column":56}},"227":{"start":{"line":570,"column":8},"end":{"line":570,"column":58}},"228":{"start":{"line":575,"column":0},"end":{"line":592,"column":3}},"229":{"start":{"line":576,"column":4},"end":{"line":591,"column":5}},"230":{"start":{"line":577,"column":26},"end":{"line":577,"column":83}},"231":{"start":{"line":578,"column":8},"end":{"line":580,"column":9}},"232":{"start":{"line":579,"column":12},"end":{"line":579,"column":76}},"233":{"start":{"line":583,"column":31},"end":{"line":585,"column":9}},"234":{"start":{"line":587,"column":8},"end":{"line":587,"column":45}},"235":{"start":{"line":589,"column":8},"end":{"line":589,"column":58}},"236":{"start":{"line":590,"column":8},"end":{"line":590,"column":58}},"237":{"start":{"line":595,"column":0},"end":{"line":623,"column":3}},"238":{"start":{"line":596,"column":4},"end":{"line":622,"column":5}},"239":{"start":{"line":597,"column":31},"end":{"line":597,"column":39}},"240":{"start":{"line":599,"column":33},"end":{"line":606,"column":9}},"241":{"start":{"line":608,"column":8},"end":{"line":610,"column":9}},"242":{"start":{"line":609,"column":12},"end":{"line":609,"column":76}},"243":{"start":{"line":612,"column":8},"end":{"line":612,"column":78}},"244":{"start":{"line":613,"column":8},"end":{"line":618,"column":11}},"245":{"start":{"line":620,"column":8},"end":{"line":620,"column":59}},"246":{"start":{"line":621,"column":8},"end":{"line":621,"column":58}},"247":{"start":{"line":626,"column":0},"end":{"line":665,"column":3}},"248":{"start":{"line":627,"column":4},"end":{"line":664,"column":5}},"249":{"start":{"line":628,"column":26},"end":{"line":628,"column":83}},"250":{"start":{"line":629,"column":8},"end":{"line":631,"column":9}},"251":{"start":{"line":630,"column":12},"end":{"line":630,"column":76}},"252":{"start":{"line":634,"column":26},"end":{"line":658,"column":9}},"253":{"start":{"line":660,"column":8},"end":{"line":660,"column":40}},"254":{"start":{"line":662,"column":8},"end":{"line":662,"column":54}},"255":{"start":{"line":663,"column":8},"end":{"line":663,"column":58}},"256":{"start":{"line":668,"column":0},"end":{"line":700,"column":3}},"257":{"start":{"line":669,"column":4},"end":{"line":699,"column":5}},"258":{"start":{"line":670,"column":26},"end":{"line":670,"column":34}},"259":{"start":{"line":672,"column":33},"end":{"line":681,"column":9}},"260":{"start":{"line":683,"column":8},"end":{"line":685,"column":9}},"261":{"start":{"line":684,"column":12},"end":{"line":684,"column":76}},"262":{"start":{"line":687,"column":8},"end":{"line":687,"column":73}},"263":{"start":{"line":688,"column":8},"end":{"line":695,"column":11}},"264":{"start":{"line":697,"column":8},"end":{"line":697,"column":54}},"265":{"start":{"line":698,"column":8},"end":{"line":698,"column":58}},"266":{"start":{"line":707,"column":0},"end":{"line":745,"column":3}},"267":{"start":{"line":708,"column":4},"end":{"line":744,"column":5}},"268":{"start":{"line":709,"column":28},"end":{"line":709,"column":41}},"269":{"start":{"line":710,"column":26},"end":{"line":710,"column":83}},"270":{"start":{"line":711,"column":8},"end":{"line":713,"column":9}},"271":{"start":{"line":712,"column":12},"end":{"line":712,"column":76}},"272":{"start":{"line":716,"column":31},"end":{"line":738,"column":9}},"273":{"start":{"line":740,"column":8},"end":{"line":740,"column":45}},"274":{"start":{"line":742,"column":8},"end":{"line":742,"column":59}},"275":{"start":{"line":743,"column":8},"end":{"line":743,"column":58}},"276":{"start":{"line":748,"column":0},"end":{"line":803,"column":3}},"277":{"start":{"line":749,"column":4},"end":{"line":802,"column":5}},"278":{"start":{"line":750,"column":28},"end":{"line":750,"column":41}},"279":{"start":{"line":751,"column":26},"end":{"line":751,"column":83}},"280":{"start":{"line":752,"column":8},"end":{"line":754,"column":9}},"281":{"start":{"line":753,"column":12},"end":{"line":753,"column":76}},"282":{"start":{"line":757,"column":33},"end":{"line":796,"column":9}},"283":{"start":{"line":798,"column":8},"end":{"line":798,"column":47}},"284":{"start":{"line":800,"column":8},"end":{"line":800,"column":61}},"285":{"start":{"line":801,"column":8},"end":{"line":801,"column":58}},"286":{"start":{"line":806,"column":0},"end":{"line":832,"column":3}},"287":{"start":{"line":807,"column":4},"end":{"line":831,"column":5}},"288":{"start":{"line":808,"column":28},"end":{"line":808,"column":41}},"289":{"start":{"line":809,"column":26},"end":{"line":809,"column":83}},"290":{"start":{"line":810,"column":8},"end":{"line":812,"column":9}},"291":{"start":{"line":811,"column":12},"end":{"line":811,"column":76}},"292":{"start":{"line":815,"column":28},"end":{"line":825,"column":9}},"293":{"start":{"line":827,"column":8},"end":{"line":827,"column":42}},"294":{"start":{"line":829,"column":8},"end":{"line":829,"column":56}},"295":{"start":{"line":830,"column":8},"end":{"line":830,"column":58}},"296":{"start":{"line":835,"column":0},"end":{"line":859,"column":3}},"297":{"start":{"line":836,"column":4},"end":{"line":858,"column":5}},"298":{"start":{"line":837,"column":28},"end":{"line":837,"column":41}},"299":{"start":{"line":838,"column":26},"end":{"line":838,"column":83}},"300":{"start":{"line":839,"column":8},"end":{"line":841,"column":9}},"301":{"start":{"line":840,"column":12},"end":{"line":840,"column":76}},"302":{"start":{"line":844,"column":31},"end":{"line":852,"column":9}},"303":{"start":{"line":854,"column":8},"end":{"line":854,"column":45}},"304":{"start":{"line":856,"column":8},"end":{"line":856,"column":59}},"305":{"start":{"line":857,"column":8},"end":{"line":857,"column":58}},"306":{"start":{"line":862,"column":0},"end":{"line":902,"column":3}},"307":{"start":{"line":863,"column":4},"end":{"line":901,"column":5}},"308":{"start":{"line":864,"column":28},"end":{"line":864,"column":41}},"309":{"start":{"line":865,"column":26},"end":{"line":865,"column":83}},"310":{"start":{"line":866,"column":8},"end":{"line":868,"column":9}},"311":{"start":{"line":867,"column":12},"end":{"line":867,"column":76}},"312":{"start":{"line":871,"column":26},"end":{"line":895,"column":9}},"313":{"start":{"line":897,"column":8},"end":{"line":897,"column":40}},"314":{"start":{"line":899,"column":8},"end":{"line":899,"column":54}},"315":{"start":{"line":900,"column":8},"end":{"line":900,"column":58}},"316":{"start":{"line":909,"column":0},"end":{"line":950,"column":3}},"317":{"start":{"line":910,"column":4},"end":{"line":949,"column":5}},"318":{"start":{"line":911,"column":28},"end":{"line":911,"column":41}},"319":{"start":{"line":912,"column":26},"end":{"line":912,"column":83}},"320":{"start":{"line":913,"column":8},"end":{"line":915,"column":9}},"321":{"start":{"line":914,"column":12},"end":{"line":914,"column":76}},"322":{"start":{"line":918,"column":37},"end":{"line":943,"column":9}},"323":{"start":{"line":945,"column":8},"end":{"line":945,"column":51}},"324":{"start":{"line":947,"column":8},"end":{"line":947,"column":66}},"325":{"start":{"line":948,"column":8},"end":{"line":948,"column":58}},"326":{"start":{"line":953,"column":0},"end":{"line":986,"column":3}},"327":{"start":{"line":954,"column":4},"end":{"line":985,"column":5}},"328":{"start":{"line":955,"column":28},"end":{"line":955,"column":41}},"329":{"start":{"line":956,"column":37},"end":{"line":956,"column":45}},"330":{"start":{"line":958,"column":33},"end":{"line":967,"column":9}},"331":{"start":{"line":969,"column":8},"end":{"line":971,"column":9}},"332":{"start":{"line":970,"column":12},"end":{"line":970,"column":76}},"333":{"start":{"line":973,"column":8},"end":{"line":973,"column":85}},"334":{"start":{"line":974,"column":8},"end":{"line":981,"column":11}},"335":{"start":{"line":983,"column":8},"end":{"line":983,"column":66}},"336":{"start":{"line":984,"column":8},"end":{"line":984,"column":58}},"337":{"start":{"line":993,"column":0},"end":{"line":1046,"column":3}},"338":{"start":{"line":994,"column":4},"end":{"line":1045,"column":5}},"339":{"start":{"line":995,"column":28},"end":{"line":995,"column":41}},"340":{"start":{"line":996,"column":26},"end":{"line":996,"column":83}},"341":{"start":{"line":997,"column":8},"end":{"line":999,"column":9}},"342":{"start":{"line":998,"column":12},"end":{"line":998,"column":76}},"343":{"start":{"line":1002,"column":39},"end":{"line":1039,"column":9}},"344":{"start":{"line":1041,"column":8},"end":{"line":1041,"column":53}},"345":{"start":{"line":1043,"column":8},"end":{"line":1043,"column":68}},"346":{"start":{"line":1044,"column":8},"end":{"line":1044,"column":58}},"347":{"start":{"line":1049,"column":0},"end":{"line":1086,"column":3}},"348":{"start":{"line":1050,"column":4},"end":{"line":1085,"column":5}},"349":{"start":{"line":1051,"column":28},"end":{"line":1051,"column":41}},"350":{"start":{"line":1052,"column":39},"end":{"line":1052,"column":47}},"351":{"start":{"line":1054,"column":33},"end":{"line":1065,"column":9}},"352":{"start":{"line":1067,"column":8},"end":{"line":1069,"column":9}},"353":{"start":{"line":1068,"column":12},"end":{"line":1068,"column":76}},"354":{"start":{"line":1071,"column":8},"end":{"line":1071,"column":87}},"355":{"start":{"line":1072,"column":8},"end":{"line":1081,"column":11}},"356":{"start":{"line":1083,"column":8},"end":{"line":1083,"column":68}},"357":{"start":{"line":1084,"column":8},"end":{"line":1084,"column":58}},"358":{"start":{"line":1093,"column":0},"end":{"line":1125,"column":3}},"359":{"start":{"line":1094,"column":4},"end":{"line":1124,"column":5}},"360":{"start":{"line":1095,"column":28},"end":{"line":1095,"column":41}},"361":{"start":{"line":1096,"column":26},"end":{"line":1096,"column":83}},"362":{"start":{"line":1097,"column":8},"end":{"line":1099,"column":9}},"363":{"start":{"line":1098,"column":12},"end":{"line":1098,"column":76}},"364":{"start":{"line":1102,"column":31},"end":{"line":1118,"column":9}},"365":{"start":{"line":1120,"column":8},"end":{"line":1120,"column":45}},"366":{"start":{"line":1122,"column":8},"end":{"line":1122,"column":60}},"367":{"start":{"line":1123,"column":8},"end":{"line":1123,"column":58}},"368":{"start":{"line":1128,"column":0},"end":{"line":1159,"column":3}},"369":{"start":{"line":1129,"column":4},"end":{"line":1158,"column":5}},"370":{"start":{"line":1130,"column":28},"end":{"line":1130,"column":41}},"371":{"start":{"line":1131,"column":31},"end":{"line":1131,"column":39}},"372":{"start":{"line":1133,"column":33},"end":{"line":1141,"column":9}},"373":{"start":{"line":1143,"column":8},"end":{"line":1145,"column":9}},"374":{"start":{"line":1144,"column":12},"end":{"line":1144,"column":76}},"375":{"start":{"line":1147,"column":8},"end":{"line":1147,"column":79}},"376":{"start":{"line":1148,"column":8},"end":{"line":1154,"column":11}},"377":{"start":{"line":1156,"column":8},"end":{"line":1156,"column":60}},"378":{"start":{"line":1157,"column":8},"end":{"line":1157,"column":58}},"379":{"start":{"line":1166,"column":0},"end":{"line":1186,"column":3}},"380":{"start":{"line":1167,"column":4},"end":{"line":1185,"column":5}},"381":{"start":{"line":1168,"column":28},"end":{"line":1168,"column":41}},"382":{"start":{"line":1169,"column":26},"end":{"line":1169,"column":156}},"383":{"start":{"line":1171,"column":8},"end":{"line":1173,"column":9}},"384":{"start":{"line":1172,"column":12},"end":{"line":1172,"column":76}},"385":{"start":{"line":1176,"column":8},"end":{"line":1181,"column":11}},"386":{"start":{"line":1183,"column":8},"end":{"line":1183,"column":76}},"387":{"start":{"line":1184,"column":8},"end":{"line":1184,"column":58}},"388":{"start":{"line":1189,"column":0},"end":{"line":1223,"column":3}},"389":{"start":{"line":1190,"column":4},"end":{"line":1222,"column":5}},"390":{"start":{"line":1191,"column":28},"end":{"line":1191,"column":41}},"391":{"start":{"line":1192,"column":106},"end":{"line":1192,"column":114}},"392":{"start":{"line":1194,"column":33},"end":{"line":1203,"column":9}},"393":{"start":{"line":1205,"column":8},"end":{"line":1207,"column":9}},"394":{"start":{"line":1206,"column":12},"end":{"line":1206,"column":76}},"395":{"start":{"line":1209,"column":8},"end":{"line":1209,"column":95}},"396":{"start":{"line":1210,"column":8},"end":{"line":1218,"column":11}},"397":{"start":{"line":1220,"column":8},"end":{"line":1220,"column":76}},"398":{"start":{"line":1221,"column":8},"end":{"line":1221,"column":58}},"399":{"start":{"line":1234,"column":0},"end":{"line":1256,"column":3}},"400":{"start":{"line":1235,"column":4},"end":{"line":1255,"column":5}},"401":{"start":{"line":1236,"column":26},"end":{"line":1236,"column":83}},"402":{"start":{"line":1237,"column":8},"end":{"line":1239,"column":9}},"403":{"start":{"line":1238,"column":12},"end":{"line":1238,"column":76}},"404":{"start":{"line":1242,"column":29},"end":{"line":1249,"column":9}},"405":{"start":{"line":1251,"column":8},"end":{"line":1251,"column":43}},"406":{"start":{"line":1253,"column":8},"end":{"line":1253,"column":62}},"407":{"start":{"line":1254,"column":8},"end":{"line":1254,"column":58}},"408":{"start":{"line":1259,"column":0},"end":{"line":1287,"column":3}},"409":{"start":{"line":1260,"column":4},"end":{"line":1286,"column":5}},"410":{"start":{"line":1261,"column":29},"end":{"line":1261,"column":37}},"411":{"start":{"line":1263,"column":33},"end":{"line":1270,"column":9}},"412":{"start":{"line":1272,"column":8},"end":{"line":1274,"column":9}},"413":{"start":{"line":1273,"column":12},"end":{"line":1273,"column":76}},"414":{"start":{"line":1276,"column":8},"end":{"line":1276,"column":81}},"415":{"start":{"line":1277,"column":8},"end":{"line":1282,"column":11}},"416":{"start":{"line":1284,"column":8},"end":{"line":1284,"column":62}},"417":{"start":{"line":1285,"column":8},"end":{"line":1285,"column":58}},"418":{"start":{"line":1298,"column":0},"end":{"line":1321,"column":3}},"419":{"start":{"line":1299,"column":4},"end":{"line":1320,"column":5}},"420":{"start":{"line":1300,"column":26},"end":{"line":1300,"column":83}},"421":{"start":{"line":1301,"column":8},"end":{"line":1303,"column":9}},"422":{"start":{"line":1302,"column":12},"end":{"line":1302,"column":76}},"423":{"start":{"line":1306,"column":24},"end":{"line":1314,"column":9}},"424":{"start":{"line":1316,"column":8},"end":{"line":1316,"column":38}},"425":{"start":{"line":1318,"column":8},"end":{"line":1318,"column":57}},"426":{"start":{"line":1319,"column":8},"end":{"line":1319,"column":58}},"427":{"start":{"line":1324,"column":0},"end":{"line":1352,"column":3}},"428":{"start":{"line":1325,"column":4},"end":{"line":1351,"column":5}},"429":{"start":{"line":1326,"column":24},"end":{"line":1326,"column":32}},"430":{"start":{"line":1328,"column":33},"end":{"line":1335,"column":9}},"431":{"start":{"line":1337,"column":8},"end":{"line":1339,"column":9}},"432":{"start":{"line":1338,"column":12},"end":{"line":1338,"column":76}},"433":{"start":{"line":1341,"column":8},"end":{"line":1341,"column":76}},"434":{"start":{"line":1342,"column":8},"end":{"line":1347,"column":11}},"435":{"start":{"line":1349,"column":8},"end":{"line":1349,"column":57}},"436":{"start":{"line":1350,"column":8},"end":{"line":1350,"column":58}},"437":{"start":{"line":1363,"column":0},"end":{"line":1382,"column":3}},"438":{"start":{"line":1364,"column":4},"end":{"line":1381,"column":5}},"439":{"start":{"line":1365,"column":28},"end":{"line":1365,"column":41}},"440":{"start":{"line":1366,"column":26},"end":{"line":1366,"column":178}},"441":{"start":{"line":1368,"column":8},"end":{"line":1370,"column":9}},"442":{"start":{"line":1369,"column":12},"end":{"line":1369,"column":76}},"443":{"start":{"line":1373,"column":8},"end":{"line":1377,"column":11}},"444":{"start":{"line":1379,"column":8},"end":{"line":1379,"column":78}},"445":{"start":{"line":1380,"column":8},"end":{"line":1380,"column":58}},"446":{"start":{"line":1385,"column":0},"end":{"line":1417,"column":3}},"447":{"start":{"line":1386,"column":4},"end":{"line":1416,"column":5}},"448":{"start":{"line":1387,"column":28},"end":{"line":1387,"column":41}},"449":{"start":{"line":1388,"column":127},"end":{"line":1388,"column":135}},"450":{"start":{"line":1390,"column":33},"end":{"line":1398,"column":9}},"451":{"start":{"line":1400,"column":8},"end":{"line":1402,"column":9}},"452":{"start":{"line":1401,"column":12},"end":{"line":1401,"column":76}},"453":{"start":{"line":1404,"column":8},"end":{"line":1404,"column":97}},"454":{"start":{"line":1405,"column":8},"end":{"line":1412,"column":11}},"455":{"start":{"line":1414,"column":8},"end":{"line":1414,"column":78}},"456":{"start":{"line":1415,"column":8},"end":{"line":1415,"column":58}},"457":{"start":{"line":1428,"column":0},"end":{"line":1448,"column":3}},"458":{"start":{"line":1429,"column":4},"end":{"line":1447,"column":5}},"459":{"start":{"line":1430,"column":28},"end":{"line":1430,"column":41}},"460":{"start":{"line":1431,"column":26},"end":{"line":1431,"column":191}},"461":{"start":{"line":1433,"column":8},"end":{"line":1435,"column":9}},"462":{"start":{"line":1434,"column":12},"end":{"line":1434,"column":76}},"463":{"start":{"line":1438,"column":8},"end":{"line":1443,"column":11}},"464":{"start":{"line":1445,"column":8},"end":{"line":1445,"column":63}},"465":{"start":{"line":1446,"column":8},"end":{"line":1446,"column":58}},"466":{"start":{"line":1451,"column":0},"end":{"line":1485,"column":3}},"467":{"start":{"line":1452,"column":4},"end":{"line":1484,"column":5}},"468":{"start":{"line":1453,"column":28},"end":{"line":1453,"column":41}},"469":{"start":{"line":1454,"column":141},"end":{"line":1454,"column":149}},"470":{"start":{"line":1456,"column":33},"end":{"line":1465,"column":9}},"471":{"start":{"line":1467,"column":8},"end":{"line":1469,"column":9}},"472":{"start":{"line":1468,"column":12},"end":{"line":1468,"column":76}},"473":{"start":{"line":1471,"column":8},"end":{"line":1471,"column":82}},"474":{"start":{"line":1472,"column":8},"end":{"line":1480,"column":11}},"475":{"start":{"line":1482,"column":8},"end":{"line":1482,"column":63}},"476":{"start":{"line":1483,"column":8},"end":{"line":1483,"column":58}},"477":{"start":{"line":1492,"column":0},"end":{"line":1503,"column":3}},"478":{"start":{"line":1493,"column":4},"end":{"line":1502,"column":5}},"479":{"start":{"line":1494,"column":27},"end":{"line":1496,"column":53}},"480":{"start":{"line":1498,"column":8},"end":{"line":1498,"column":41}},"481":{"start":{"line":1500,"column":8},"end":{"line":1500,"column":59}},"482":{"start":{"line":1501,"column":8},"end":{"line":1501,"column":58}},"483":{"start":{"line":1514,"column":0},"end":{"line":1536,"column":3}},"484":{"start":{"line":1515,"column":4},"end":{"line":1535,"column":5}},"485":{"start":{"line":1517,"column":22},"end":{"line":1517,"column":65}},"486":{"start":{"line":1518,"column":24},"end":{"line":1518,"column":48}},"487":{"start":{"line":1520,"column":8},"end":{"line":1522,"column":9}},"488":{"start":{"line":1521,"column":12},"end":{"line":1521,"column":90}},"489":{"start":{"line":1524,"column":24},"end":{"line":1526,"column":59}},"490":{"start":{"line":1528,"column":8},"end":{"line":1531,"column":11}},"491":{"start":{"line":1533,"column":8},"end":{"line":1533,"column":61}},"492":{"start":{"line":1534,"column":8},"end":{"line":1534,"column":58}},"493":{"start":{"line":1543,"column":0},"end":{"line":1565,"column":3}},"494":{"start":{"line":1544,"column":4},"end":{"line":1564,"column":5}},"495":{"start":{"line":1545,"column":31},"end":{"line":1545,"column":68}},"496":{"start":{"line":1546,"column":8},"end":{"line":1548,"column":9}},"497":{"start":{"line":1547,"column":12},"end":{"line":1547,"column":96}},"498":{"start":{"line":1550,"column":26},"end":{"line":1550,"column":94}},"499":{"start":{"line":1551,"column":8},"end":{"line":1553,"column":9}},"500":{"start":{"line":1552,"column":12},"end":{"line":1552,"column":76}},"501":{"start":{"line":1555,"column":31},"end":{"line":1558,"column":9}},"502":{"start":{"line":1560,"column":8},"end":{"line":1560,"column":45}},"503":{"start":{"line":1562,"column":8},"end":{"line":1562,"column":69}},"504":{"start":{"line":1563,"column":8},"end":{"line":1563,"column":58}},"505":{"start":{"line":1568,"column":0},"end":{"line":1591,"column":3}},"506":{"start":{"line":1569,"column":4},"end":{"line":1590,"column":5}},"507":{"start":{"line":1570,"column":31},"end":{"line":1570,"column":68}},"508":{"start":{"line":1571,"column":8},"end":{"line":1573,"column":9}},"509":{"start":{"line":1572,"column":12},"end":{"line":1572,"column":96}},"510":{"start":{"line":1575,"column":26},"end":{"line":1575,"column":94}},"511":{"start":{"line":1576,"column":8},"end":{"line":1578,"column":9}},"512":{"start":{"line":1577,"column":12},"end":{"line":1577,"column":76}},"513":{"start":{"line":1580,"column":33},"end":{"line":1584,"column":9}},"514":{"start":{"line":1586,"column":8},"end":{"line":1586,"column":47}},"515":{"start":{"line":1588,"column":8},"end":{"line":1588,"column":71}},"516":{"start":{"line":1589,"column":8},"end":{"line":1589,"column":58}},"517":{"start":{"line":1594,"column":0},"end":{"line":1615,"column":3}},"518":{"start":{"line":1595,"column":4},"end":{"line":1614,"column":5}},"519":{"start":{"line":1596,"column":31},"end":{"line":1596,"column":68}},"520":{"start":{"line":1597,"column":8},"end":{"line":1599,"column":9}},"521":{"start":{"line":1598,"column":12},"end":{"line":1598,"column":96}},"522":{"start":{"line":1601,"column":26},"end":{"line":1601,"column":94}},"523":{"start":{"line":1602,"column":8},"end":{"line":1604,"column":9}},"524":{"start":{"line":1603,"column":12},"end":{"line":1603,"column":76}},"525":{"start":{"line":1606,"column":28},"end":{"line":1608,"column":9}},"526":{"start":{"line":1610,"column":8},"end":{"line":1610,"column":42}},"527":{"start":{"line":1612,"column":8},"end":{"line":1612,"column":66}},"528":{"start":{"line":1613,"column":8},"end":{"line":1613,"column":58}},"529":{"start":{"line":1618,"column":0},"end":{"line":1639,"column":3}},"530":{"start":{"line":1619,"column":4},"end":{"line":1638,"column":5}},"531":{"start":{"line":1620,"column":31},"end":{"line":1620,"column":68}},"532":{"start":{"line":1621,"column":8},"end":{"line":1623,"column":9}},"533":{"start":{"line":1622,"column":12},"end":{"line":1622,"column":96}},"534":{"start":{"line":1625,"column":26},"end":{"line":1625,"column":94}},"535":{"start":{"line":1626,"column":8},"end":{"line":1628,"column":9}},"536":{"start":{"line":1627,"column":12},"end":{"line":1627,"column":76}},"537":{"start":{"line":1630,"column":31},"end":{"line":1632,"column":9}},"538":{"start":{"line":1634,"column":8},"end":{"line":1634,"column":45}},"539":{"start":{"line":1636,"column":8},"end":{"line":1636,"column":69}},"540":{"start":{"line":1637,"column":8},"end":{"line":1637,"column":58}},"541":{"start":{"line":1642,"column":0},"end":{"line":1665,"column":3}},"542":{"start":{"line":1643,"column":4},"end":{"line":1664,"column":5}},"543":{"start":{"line":1644,"column":31},"end":{"line":1644,"column":68}},"544":{"start":{"line":1645,"column":8},"end":{"line":1647,"column":9}},"545":{"start":{"line":1646,"column":12},"end":{"line":1646,"column":96}},"546":{"start":{"line":1649,"column":26},"end":{"line":1649,"column":94}},"547":{"start":{"line":1650,"column":8},"end":{"line":1652,"column":9}},"548":{"start":{"line":1651,"column":12},"end":{"line":1651,"column":76}},"549":{"start":{"line":1654,"column":26},"end":{"line":1658,"column":9}},"550":{"start":{"line":1660,"column":8},"end":{"line":1660,"column":40}},"551":{"start":{"line":1662,"column":8},"end":{"line":1662,"column":64}},"552":{"start":{"line":1663,"column":8},"end":{"line":1663,"column":58}},"553":{"start":{"line":1668,"column":0},"end":{"line":1690,"column":3}},"554":{"start":{"line":1669,"column":4},"end":{"line":1689,"column":5}},"555":{"start":{"line":1670,"column":31},"end":{"line":1670,"column":68}},"556":{"start":{"line":1671,"column":8},"end":{"line":1673,"column":9}},"557":{"start":{"line":1672,"column":12},"end":{"line":1672,"column":96}},"558":{"start":{"line":1675,"column":26},"end":{"line":1675,"column":94}},"559":{"start":{"line":1676,"column":8},"end":{"line":1678,"column":9}},"560":{"start":{"line":1677,"column":12},"end":{"line":1677,"column":76}},"561":{"start":{"line":1680,"column":29},"end":{"line":1683,"column":9}},"562":{"start":{"line":1685,"column":8},"end":{"line":1685,"column":43}},"563":{"start":{"line":1687,"column":8},"end":{"line":1687,"column":76}},"564":{"start":{"line":1688,"column":8},"end":{"line":1688,"column":58}},"565":{"start":{"line":1697,"column":0},"end":{"line":1722,"column":3}},"566":{"start":{"line":1698,"column":4},"end":{"line":1721,"column":5}},"567":{"start":{"line":1699,"column":31},"end":{"line":1699,"column":68}},"568":{"start":{"line":1700,"column":8},"end":{"line":1702,"column":9}},"569":{"start":{"line":1701,"column":12},"end":{"line":1701,"column":96}},"570":{"start":{"line":1704,"column":26},"end":{"line":1704,"column":94}},"571":{"start":{"line":1705,"column":8},"end":{"line":1707,"column":9}},"572":{"start":{"line":1706,"column":12},"end":{"line":1706,"column":76}},"573":{"start":{"line":1709,"column":39},"end":{"line":1715,"column":9}},"574":{"start":{"line":1717,"column":8},"end":{"line":1717,"column":53}},"575":{"start":{"line":1719,"column":8},"end":{"line":1719,"column":78}},"576":{"start":{"line":1720,"column":8},"end":{"line":1720,"column":58}},"577":{"start":{"line":1727,"column":0},"end":{"line":1784,"column":3}},"578":{"start":{"line":1728,"column":4},"end":{"line":1783,"column":5}},"579":{"start":{"line":1729,"column":103},"end":{"line":1729,"column":111}},"580":{"start":{"line":1732,"column":26},"end":{"line":1732,"column":63}},"581":{"start":{"line":1733,"column":8},"end":{"line":1735,"column":9}},"582":{"start":{"line":1734,"column":12},"end":{"line":1734,"column":76}},"583":{"start":{"line":1738,"column":30},"end":{"line":1738,"column":73}},"584":{"start":{"line":1739,"column":8},"end":{"line":1741,"column":9}},"585":{"start":{"line":1740,"column":12},"end":{"line":1740,"column":81}},"586":{"start":{"line":1744,"column":30},"end":{"line":1755,"column":9}},"587":{"start":{"line":1758,"column":8},"end":{"line":1758,"column":58}},"588":{"start":{"line":1761,"column":32},"end":{"line":1771,"column":9}},"589":{"start":{"line":1774,"column":8},"end":{"line":1774,"column":65}},"590":{"start":{"line":1776,"column":8},"end":{"line":1776,"column":35}},"591":{"start":{"line":1777,"column":8},"end":{"line":1777,"column":31}},"592":{"start":{"line":1779,"column":8},"end":{"line":1779,"column":78}},"593":{"start":{"line":1781,"column":8},"end":{"line":1781,"column":63}},"594":{"start":{"line":1782,"column":8},"end":{"line":1782,"column":58}},"595":{"start":{"line":1787,"column":0},"end":{"line":1801,"column":3}},"596":{"start":{"line":1788,"column":4},"end":{"line":1800,"column":5}},"597":{"start":{"line":1789,"column":26},"end":{"line":1789,"column":63}},"598":{"start":{"line":1790,"column":8},"end":{"line":1792,"column":9}},"599":{"start":{"line":1791,"column":12},"end":{"line":1791,"column":76}},"600":{"start":{"line":1794,"column":8},"end":{"line":1796,"column":11}},"601":{"start":{"line":1798,"column":8},"end":{"line":1798,"column":73}},"602":{"start":{"line":1799,"column":8},"end":{"line":1799,"column":58}},"603":{"start":{"line":1804,"column":0},"end":{"line":1818,"column":3}},"604":{"start":{"line":1805,"column":4},"end":{"line":1817,"column":5}},"605":{"start":{"line":1806,"column":26},"end":{"line":1806,"column":63}},"606":{"start":{"line":1807,"column":8},"end":{"line":1809,"column":9}},"607":{"start":{"line":1808,"column":12},"end":{"line":1808,"column":76}},"608":{"start":{"line":1811,"column":8},"end":{"line":1813,"column":11}},"609":{"start":{"line":1815,"column":8},"end":{"line":1815,"column":73}},"610":{"start":{"line":1816,"column":8},"end":{"line":1816,"column":58}},"611":{"start":{"line":1821,"column":0},"end":{"line":1871,"column":3}},"612":{"start":{"line":1822,"column":4},"end":{"line":1870,"column":5}},"613":{"start":{"line":1823,"column":30},"end":{"line":1823,"column":40}},"614":{"start":{"line":1824,"column":45},"end":{"line":1824,"column":53}},"615":{"start":{"line":1826,"column":8},"end":{"line":1828,"column":9}},"616":{"start":{"line":1827,"column":12},"end":{"line":1827,"column":101}},"617":{"start":{"line":1830,"column":26},"end":{"line":1830,"column":63}},"618":{"start":{"line":1831,"column":8},"end":{"line":1833,"column":9}},"619":{"start":{"line":1832,"column":12},"end":{"line":1832,"column":76}},"620":{"start":{"line":1836,"column":30},"end":{"line":1836,"column":69}},"621":{"start":{"line":1837,"column":8},"end":{"line":1839,"column":9}},"622":{"start":{"line":1838,"column":12},"end":{"line":1838,"column":81}},"623":{"start":{"line":1842,"column":8},"end":{"line":1842,"column":38}},"624":{"start":{"line":1843,"column":8},"end":{"line":1843,"column":49}},"625":{"start":{"line":1844,"column":8},"end":{"line":1844,"column":64}},"626":{"start":{"line":1847,"column":26},"end":{"line":1847,"column":78}},"627":{"start":{"line":1848,"column":8},"end":{"line":1862,"column":9}},"628":{"start":{"line":1849,"column":36},"end":{"line":1854,"column":13}},"629":{"start":{"line":1850,"column":16},"end":{"line":1853,"column":40}},"630":{"start":{"line":1856,"column":12},"end":{"line":1861,"column":13}},"631":{"start":{"line":1857,"column":16},"end":{"line":1857,"column":48}},"632":{"start":{"line":1858,"column":16},"end":{"line":1858,"column":59}},"633":{"start":{"line":1859,"column":16},"end":{"line":1859,"column":74}},"634":{"start":{"line":1860,"column":16},"end":{"line":1860,"column":39}},"635":{"start":{"line":1864,"column":8},"end":{"line":1864,"column":31}},"636":{"start":{"line":1866,"column":8},"end":{"line":1866,"column":83}},"637":{"start":{"line":1868,"column":8},"end":{"line":1868,"column":68}},"638":{"start":{"line":1869,"column":8},"end":{"line":1869,"column":58}},"639":{"start":{"line":1874,"column":0},"end":{"line":1920,"column":3}},"640":{"start":{"line":1875,"column":4},"end":{"line":1919,"column":5}},"641":{"start":{"line":1876,"column":65},"end":{"line":1876,"column":75}},"642":{"start":{"line":1877,"column":28},"end":{"line":1877,"column":39}},"643":{"start":{"line":1880,"column":30},"end":{"line":1880,"column":65}},"644":{"start":{"line":1881,"column":8},"end":{"line":1883,"column":9}},"645":{"start":{"line":1882,"column":12},"end":{"line":1882,"column":74}},"646":{"start":{"line":1886,"column":8},"end":{"line":1895,"column":9}},"647":{"start":{"line":1887,"column":37},"end":{"line":1887,"column":67}},"648":{"start":{"line":1888,"column":12},"end":{"line":1893,"column":13}},"649":{"start":{"line":1889,"column":16},"end":{"line":1892,"column":19}},"650":{"start":{"line":1894,"column":12},"end":{"line":1894,"column":78}},"651":{"start":{"line":1898,"column":32},"end":{"line":1903,"column":9}},"652":{"start":{"line":1899,"column":12},"end":{"line":1902,"column":37}},"653":{"start":{"line":1905,"column":8},"end":{"line":1913,"column":9}},"654":{"start":{"line":1906,"column":37},"end":{"line":1906,"column":67}},"655":{"start":{"line":1907,"column":12},"end":{"line":1912,"column":13}},"656":{"start":{"line":1908,"column":16},"end":{"line":1911,"column":19}},"657":{"start":{"line":1915,"column":8},"end":{"line":1915,"column":77}},"658":{"start":{"line":1917,"column":8},"end":{"line":1917,"column":67}},"659":{"start":{"line":1918,"column":8},"end":{"line":1918,"column":58}},"660":{"start":{"line":1923,"column":0},"end":{"line":1927,"column":1}},"661":{"start":{"line":1924,"column":4},"end":{"line":1926,"column":7}},"662":{"start":{"line":1925,"column":8},"end":{"line":1925,"column":69}},"663":{"start":{"line":1930,"column":0},"end":{"line":1930,"column":21}}},"fnMap":{"0":{"name":"(anonymous_0)","decl":{"start":{"line":28,"column":8},"end":{"line":28,"column":9}},"loc":{"start":{"line":28,"column":28},"end":{"line":34,"column":1}},"line":28},"1":{"name":"(anonymous_1)","decl":{"start":{"line":39,"column":14},"end":{"line":39,"column":15}},"loc":{"start":{"line":39,"column":20},"end":{"line":39,"column":52}},"line":39},"2":{"name":"(anonymous_2)","decl":{"start":{"line":40,"column":15},"end":{"line":40,"column":16}},"loc":{"start":{"line":40,"column":22},"end":{"line":40,"column":38}},"line":40},"3":{"name":"(anonymous_3)","decl":{"start":{"line":44,"column":26},"end":{"line":44,"column":27}},"loc":{"start":{"line":44,"column":46},"end":{"line":65,"column":1}},"line":44},"4":{"name":"(anonymous_4)","decl":{"start":{"line":55,"column":29},"end":{"line":55,"column":30}},"loc":{"start":{"line":55,"column":44},"end":{"line":64,"column":5}},"line":55},"5":{"name":"(anonymous_5)","decl":{"start":{"line":68,"column":13},"end":{"line":68,"column":14}},"loc":{"start":{"line":68,"column":27},"end":{"line":70,"column":1}},"line":68},"6":{"name":"(anonymous_6)","decl":{"start":{"line":73,"column":33},"end":{"line":73,"column":34}},"loc":{"start":{"line":73,"column":53},"end":{"line":123,"column":1}},"line":73},"7":{"name":"(anonymous_7)","decl":{"start":{"line":129,"column":20},"end":{"line":129,"column":21}},"loc":{"start":{"line":129,"column":40},"end":{"line":173,"column":1}},"line":129},"8":{"name":"(anonymous_8)","decl":{"start":{"line":176,"column":19},"end":{"line":176,"column":20}},"loc":{"start":{"line":176,"column":39},"end":{"line":198,"column":1}},"line":176},"9":{"name":"(anonymous_9)","decl":{"start":{"line":205,"column":53},"end":{"line":205,"column":54}},"loc":{"start":{"line":205,"column":73},"end":{"line":217,"column":1}},"line":205},"10":{"name":"(anonymous_10)","decl":{"start":{"line":220,"column":53},"end":{"line":220,"column":54}},"loc":{"start":{"line":220,"column":73},"end":{"line":249,"column":1}},"line":220},"11":{"name":"(anonymous_11)","decl":{"start":{"line":252,"column":66},"end":{"line":252,"column":67}},"loc":{"start":{"line":252,"column":86},"end":{"line":284,"column":1}},"line":252},"12":{"name":"(anonymous_12)","decl":{"start":{"line":287,"column":67},"end":{"line":287,"column":68}},"loc":{"start":{"line":287,"column":87},"end":{"line":325,"column":1}},"line":287},"13":{"name":"(anonymous_13)","decl":{"start":{"line":328,"column":51},"end":{"line":328,"column":52}},"loc":{"start":{"line":328,"column":71},"end":{"line":351,"column":1}},"line":328},"14":{"name":"(anonymous_14)","decl":{"start":{"line":354,"column":56},"end":{"line":354,"column":57}},"loc":{"start":{"line":354,"column":76},"end":{"line":391,"column":1}},"line":354},"15":{"name":"(anonymous_15)","decl":{"start":{"line":394,"column":56},"end":{"line":394,"column":57}},"loc":{"start":{"line":394,"column":76},"end":{"line":426,"column":1}},"line":394},"16":{"name":"(anonymous_16)","decl":{"start":{"line":429,"column":58},"end":{"line":429,"column":59}},"loc":{"start":{"line":429,"column":78},"end":{"line":472,"column":1}},"line":429},"17":{"name":"(anonymous_17)","decl":{"start":{"line":444,"column":37},"end":{"line":444,"column":38}},"loc":{"start":{"line":444,"column":55},"end":{"line":451,"column":9}},"line":444},"18":{"name":"(anonymous_18)","decl":{"start":{"line":445,"column":36},"end":{"line":445,"column":37}},"loc":{"start":{"line":445,"column":44},"end":{"line":450,"column":13}},"line":445},"19":{"name":"(anonymous_19)","decl":{"start":{"line":475,"column":58},"end":{"line":475,"column":59}},"loc":{"start":{"line":475,"column":78},"end":{"line":507,"column":1}},"line":475},"20":{"name":"(anonymous_20)","decl":{"start":{"line":510,"column":53},"end":{"line":510,"column":54}},"loc":{"start":{"line":510,"column":73},"end":{"line":539,"column":1}},"line":510},"21":{"name":"(anonymous_21)","decl":{"start":{"line":542,"column":53},"end":{"line":542,"column":54}},"loc":{"start":{"line":542,"column":73},"end":{"line":572,"column":1}},"line":542},"22":{"name":"(anonymous_22)","decl":{"start":{"line":575,"column":56},"end":{"line":575,"column":57}},"loc":{"start":{"line":575,"column":76},"end":{"line":592,"column":1}},"line":575},"23":{"name":"(anonymous_23)","decl":{"start":{"line":595,"column":56},"end":{"line":595,"column":57}},"loc":{"start":{"line":595,"column":76},"end":{"line":623,"column":1}},"line":595},"24":{"name":"(anonymous_24)","decl":{"start":{"line":626,"column":51},"end":{"line":626,"column":52}},"loc":{"start":{"line":626,"column":71},"end":{"line":665,"column":1}},"line":626},"25":{"name":"(anonymous_25)","decl":{"start":{"line":668,"column":51},"end":{"line":668,"column":52}},"loc":{"start":{"line":668,"column":71},"end":{"line":700,"column":1}},"line":668},"26":{"name":"(anonymous_26)","decl":{"start":{"line":707,"column":60},"end":{"line":707,"column":61}},"loc":{"start":{"line":707,"column":80},"end":{"line":745,"column":1}},"line":707},"27":{"name":"(anonymous_27)","decl":{"start":{"line":748,"column":62},"end":{"line":748,"column":63}},"loc":{"start":{"line":748,"column":82},"end":{"line":803,"column":1}},"line":748},"28":{"name":"(anonymous_28)","decl":{"start":{"line":806,"column":57},"end":{"line":806,"column":58}},"loc":{"start":{"line":806,"column":77},"end":{"line":832,"column":1}},"line":806},"29":{"name":"(anonymous_29)","decl":{"start":{"line":835,"column":60},"end":{"line":835,"column":61}},"loc":{"start":{"line":835,"column":80},"end":{"line":859,"column":1}},"line":835},"30":{"name":"(anonymous_30)","decl":{"start":{"line":862,"column":55},"end":{"line":862,"column":56}},"loc":{"start":{"line":862,"column":75},"end":{"line":902,"column":1}},"line":862},"31":{"name":"(anonymous_31)","decl":{"start":{"line":909,"column":67},"end":{"line":909,"column":68}},"loc":{"start":{"line":909,"column":87},"end":{"line":950,"column":1}},"line":909},"32":{"name":"(anonymous_32)","decl":{"start":{"line":953,"column":67},"end":{"line":953,"column":68}},"loc":{"start":{"line":953,"column":87},"end":{"line":986,"column":1}},"line":953},"33":{"name":"(anonymous_33)","decl":{"start":{"line":993,"column":69},"end":{"line":993,"column":70}},"loc":{"start":{"line":993,"column":89},"end":{"line":1046,"column":1}},"line":993},"34":{"name":"(anonymous_34)","decl":{"start":{"line":1049,"column":69},"end":{"line":1049,"column":70}},"loc":{"start":{"line":1049,"column":89},"end":{"line":1086,"column":1}},"line":1049},"35":{"name":"(anonymous_35)","decl":{"start":{"line":1093,"column":61},"end":{"line":1093,"column":62}},"loc":{"start":{"line":1093,"column":81},"end":{"line":1125,"column":1}},"line":1093},"36":{"name":"(anonymous_36)","decl":{"start":{"line":1128,"column":61},"end":{"line":1128,"column":62}},"loc":{"start":{"line":1128,"column":81},"end":{"line":1159,"column":1}},"line":1128},"37":{"name":"(anonymous_37)","decl":{"start":{"line":1166,"column":77},"end":{"line":1166,"column":78}},"loc":{"start":{"line":1166,"column":97},"end":{"line":1186,"column":1}},"line":1166},"38":{"name":"(anonymous_38)","decl":{"start":{"line":1189,"column":77},"end":{"line":1189,"column":78}},"loc":{"start":{"line":1189,"column":97},"end":{"line":1223,"column":1}},"line":1189},"39":{"name":"(anonymous_39)","decl":{"start":{"line":1234,"column":54},"end":{"line":1234,"column":55}},"loc":{"start":{"line":1234,"column":74},"end":{"line":1256,"column":1}},"line":1234},"40":{"name":"(anonymous_40)","decl":{"start":{"line":1259,"column":54},"end":{"line":1259,"column":55}},"loc":{"start":{"line":1259,"column":74},"end":{"line":1287,"column":1}},"line":1259},"41":{"name":"(anonymous_41)","decl":{"start":{"line":1298,"column":49},"end":{"line":1298,"column":50}},"loc":{"start":{"line":1298,"column":69},"end":{"line":1321,"column":1}},"line":1298},"42":{"name":"(anonymous_42)","decl":{"start":{"line":1324,"column":49},"end":{"line":1324,"column":50}},"loc":{"start":{"line":1324,"column":69},"end":{"line":1352,"column":1}},"line":1324},"43":{"name":"(anonymous_43)","decl":{"start":{"line":1363,"column":77},"end":{"line":1363,"column":78}},"loc":{"start":{"line":1363,"column":97},"end":{"line":1382,"column":1}},"line":1363},"44":{"name":"(anonymous_44)","decl":{"start":{"line":1385,"column":77},"end":{"line":1385,"column":78}},"loc":{"start":{"line":1385,"column":97},"end":{"line":1417,"column":1}},"line":1385},"45":{"name":"(anonymous_45)","decl":{"start":{"line":1428,"column":59},"end":{"line":1428,"column":60}},"loc":{"start":{"line":1428,"column":79},"end":{"line":1448,"column":1}},"line":1428},"46":{"name":"(anonymous_46)","decl":{"start":{"line":1451,"column":59},"end":{"line":1451,"column":60}},"loc":{"start":{"line":1451,"column":79},"end":{"line":1485,"column":1}},"line":1451},"47":{"name":"(anonymous_47)","decl":{"start":{"line":1492,"column":43},"end":{"line":1492,"column":44}},"loc":{"start":{"line":1492,"column":63},"end":{"line":1503,"column":1}},"line":1492},"48":{"name":"(anonymous_48)","decl":{"start":{"line":1514,"column":52},"end":{"line":1514,"column":53}},"loc":{"start":{"line":1514,"column":72},"end":{"line":1536,"column":1}},"line":1514},"49":{"name":"(anonymous_49)","decl":{"start":{"line":1543,"column":69},"end":{"line":1543,"column":70}},"loc":{"start":{"line":1543,"column":89},"end":{"line":1565,"column":1}},"line":1543},"50":{"name":"(anonymous_50)","decl":{"start":{"line":1568,"column":71},"end":{"line":1568,"column":72}},"loc":{"start":{"line":1568,"column":91},"end":{"line":1591,"column":1}},"line":1568},"51":{"name":"(anonymous_51)","decl":{"start":{"line":1594,"column":66},"end":{"line":1594,"column":67}},"loc":{"start":{"line":1594,"column":86},"end":{"line":1615,"column":1}},"line":1594},"52":{"name":"(anonymous_52)","decl":{"start":{"line":1618,"column":69},"end":{"line":1618,"column":70}},"loc":{"start":{"line":1618,"column":89},"end":{"line":1639,"column":1}},"line":1618},"53":{"name":"(anonymous_53)","decl":{"start":{"line":1642,"column":64},"end":{"line":1642,"column":65}},"loc":{"start":{"line":1642,"column":84},"end":{"line":1665,"column":1}},"line":1642},"54":{"name":"(anonymous_54)","decl":{"start":{"line":1668,"column":76},"end":{"line":1668,"column":77}},"loc":{"start":{"line":1668,"column":96},"end":{"line":1690,"column":1}},"line":1668},"55":{"name":"(anonymous_55)","decl":{"start":{"line":1697,"column":78},"end":{"line":1697,"column":79}},"loc":{"start":{"line":1697,"column":98},"end":{"line":1722,"column":1}},"line":1697},"56":{"name":"(anonymous_56)","decl":{"start":{"line":1727,"column":51},"end":{"line":1727,"column":52}},"loc":{"start":{"line":1727,"column":71},"end":{"line":1784,"column":1}},"line":1727},"57":{"name":"(anonymous_57)","decl":{"start":{"line":1787,"column":60},"end":{"line":1787,"column":61}},"loc":{"start":{"line":1787,"column":80},"end":{"line":1801,"column":1}},"line":1787},"58":{"name":"(anonymous_58)","decl":{"start":{"line":1804,"column":60},"end":{"line":1804,"column":61}},"loc":{"start":{"line":1804,"column":80},"end":{"line":1818,"column":1}},"line":1804},"59":{"name":"(anonymous_59)","decl":{"start":{"line":1821,"column":69},"end":{"line":1821,"column":70}},"loc":{"start":{"line":1821,"column":89},"end":{"line":1871,"column":1}},"line":1821},"60":{"name":"(anonymous_60)","decl":{"start":{"line":1849,"column":76},"end":{"line":1849,"column":77}},"loc":{"start":{"line":1850,"column":16},"end":{"line":1853,"column":40}},"line":1850},"61":{"name":"(anonymous_61)","decl":{"start":{"line":1874,"column":100},"end":{"line":1874,"column":101}},"loc":{"start":{"line":1874,"column":120},"end":{"line":1920,"column":1}},"line":1874},"62":{"name":"(anonymous_62)","decl":{"start":{"line":1898,"column":67},"end":{"line":1898,"column":68}},"loc":{"start":{"line":1899,"column":12},"end":{"line":1902,"column":37}},"line":1899},"63":{"name":"(anonymous_63)","decl":{"start":{"line":1924,"column":21},"end":{"line":1924,"column":22}},"loc":{"start":{"line":1924,"column":27},"end":{"line":1926,"column":5}},"line":1924}},"branchMap":{"0":{"loc":{"start":{"line":13,"column":13},"end":{"line":13,"column":37}},"type":"binary-expr","locations":[{"start":{"line":13,"column":13},"end":{"line":13,"column":29}},{"start":{"line":13,"column":33},"end":{"line":13,"column":37}}],"line":13},"1":{"loc":{"start":{"line":37,"column":0},"end":{"line":41,"column":1}},"type":"if","locations":[{"start":{"line":37,"column":0},"end":{"line":41,"column":1}},{"start":{},"end":{}}],"line":37},"2":{"loc":{"start":{"line":46,"column":18},"end":{"line":46,"column":56}},"type":"binary-expr","locations":[{"start":{"line":46,"column":18},"end":{"line":46,"column":28}},{"start":{"line":46,"column":32},"end":{"line":46,"column":56}}],"line":46},"3":{"loc":{"start":{"line":48,"column":4},"end":{"line":53,"column":5}},"type":"if","locations":[{"start":{"line":48,"column":4},"end":{"line":53,"column":5}},{"start":{},"end":{}}],"line":48},"4":{"loc":{"start":{"line":56,"column":8},"end":{"line":61,"column":9}},"type":"if","locations":[{"start":{"line":56,"column":8},"end":{"line":61,"column":9}},{"start":{},"end":{}}],"line":56},"5":{"loc":{"start":{"line":77,"column":8},"end":{"line":82,"column":9}},"type":"if","locations":[{"start":{"line":77,"column":8},"end":{"line":82,"column":9}},{"start":{},"end":{}}],"line":77},"6":{"loc":{"start":{"line":101,"column":8},"end":{"line":106,"column":9}},"type":"if","locations":[{"start":{"line":101,"column":8},"end":{"line":106,"column":9}},{"start":{},"end":{}}],"line":101},"7":{"loc":{"start":{"line":139,"column":8},"end":{"line":141,"column":9}},"type":"if","locations":[{"start":{"line":139,"column":8},"end":{"line":141,"column":9}},{"start":{},"end":{}}],"line":139},"8":{"loc":{"start":{"line":142,"column":8},"end":{"line":144,"column":9}},"type":"if","locations":[{"start":{"line":142,"column":8},"end":{"line":144,"column":9}},{"start":{},"end":{}}],"line":142},"9":{"loc":{"start":{"line":148,"column":25},"end":{"line":148,"column":42}},"type":"binary-expr","locations":[{"start":{"line":148,"column":25},"end":{"line":148,"column":29}},{"start":{"line":148,"column":33},"end":{"line":148,"column":42}}],"line":148},"10":{"loc":{"start":{"line":149,"column":8},"end":{"line":151,"column":9}},"type":"if","locations":[{"start":{"line":149,"column":8},"end":{"line":151,"column":9}},{"start":{},"end":{}}],"line":149},"11":{"loc":{"start":{"line":166,"column":24},"end":{"line":166,"column":149}},"type":"cond-expr","locations":[{"start":{"line":166,"column":45},"end":{"line":166,"column":50}},{"start":{"line":166,"column":53},"end":{"line":166,"column":149}}],"line":166},"12":{"loc":{"start":{"line":166,"column":53},"end":{"line":166,"column":149}},"type":"cond-expr","locations":[{"start":{"line":166,"column":75},"end":{"line":166,"column":81}},{"start":{"line":166,"column":84},"end":{"line":166,"column":149}}],"line":166},"13":{"loc":{"start":{"line":166,"column":84},"end":{"line":166,"column":149}},"type":"cond-expr","locations":[{"start":{"line":166,"column":115},"end":{"line":166,"column":130}},{"start":{"line":166,"column":133},"end":{"line":166,"column":149}}],"line":166},"14":{"loc":{"start":{"line":181,"column":8},"end":{"line":183,"column":9}},"type":"if","locations":[{"start":{"line":181,"column":8},"end":{"line":183,"column":9}},{"start":{},"end":{}}],"line":181},"15":{"loc":{"start":{"line":185,"column":8},"end":{"line":187,"column":9}},"type":"if","locations":[{"start":{"line":185,"column":8},"end":{"line":187,"column":9}},{"start":{},"end":{}}],"line":185},"16":{"loc":{"start":{"line":208,"column":8},"end":{"line":210,"column":9}},"type":"if","locations":[{"start":{"line":208,"column":8},"end":{"line":210,"column":9}},{"start":{},"end":{}}],"line":208},"17":{"loc":{"start":{"line":236,"column":8},"end":{"line":238,"column":9}},"type":"if","locations":[{"start":{"line":236,"column":8},"end":{"line":238,"column":9}},{"start":{},"end":{}}],"line":236},"18":{"loc":{"start":{"line":260,"column":46},"end":{"line":260,"column":75}},"type":"cond-expr","locations":[{"start":{"line":260,"column":63},"end":{"line":260,"column":68}},{"start":{"line":260,"column":71},"end":{"line":260,"column":75}}],"line":260},"19":{"loc":{"start":{"line":263,"column":8},"end":{"line":266,"column":9}},"type":"if","locations":[{"start":{"line":263,"column":8},"end":{"line":266,"column":9}},{"start":{},"end":{}}],"line":263},"20":{"loc":{"start":{"line":263,"column":12},"end":{"line":263,"column":60}},"type":"binary-expr","locations":[{"start":{"line":263,"column":12},"end":{"line":263,"column":27}},{"start":{"line":263,"column":31},"end":{"line":263,"column":60}}],"line":263},"21":{"loc":{"start":{"line":271,"column":47},"end":{"line":271,"column":71}},"type":"cond-expr","locations":[{"start":{"line":271,"column":59},"end":{"line":271,"column":64}},{"start":{"line":271,"column":67},"end":{"line":271,"column":71}}],"line":271},"22":{"loc":{"start":{"line":273,"column":8},"end":{"line":276,"column":9}},"type":"if","locations":[{"start":{"line":273,"column":8},"end":{"line":276,"column":9}},{"start":{},"end":{}}],"line":273},"23":{"loc":{"start":{"line":296,"column":45},"end":{"line":296,"column":67}},"type":"cond-expr","locations":[{"start":{"line":296,"column":55},"end":{"line":296,"column":60}},{"start":{"line":296,"column":63},"end":{"line":296,"column":67}}],"line":296},"24":{"loc":{"start":{"line":298,"column":8},"end":{"line":301,"column":9}},"type":"if","locations":[{"start":{"line":298,"column":8},"end":{"line":301,"column":9}},{"start":{},"end":{}}],"line":298},"25":{"loc":{"start":{"line":311,"column":27},"end":{"line":311,"column":54}},"type":"binary-expr","locations":[{"start":{"line":311,"column":27},"end":{"line":311,"column":48}},{"start":{"line":311,"column":52},"end":{"line":311,"column":54}}],"line":311},"26":{"loc":{"start":{"line":312,"column":35},"end":{"line":312,"column":70}},"type":"binary-expr","locations":[{"start":{"line":312,"column":35},"end":{"line":312,"column":64}},{"start":{"line":312,"column":68},"end":{"line":312,"column":70}}],"line":312},"27":{"loc":{"start":{"line":313,"column":30},"end":{"line":313,"column":60}},"type":"binary-expr","locations":[{"start":{"line":313,"column":30},"end":{"line":313,"column":54}},{"start":{"line":313,"column":58},"end":{"line":313,"column":60}}],"line":313},"28":{"loc":{"start":{"line":314,"column":31},"end":{"line":314,"column":62}},"type":"binary-expr","locations":[{"start":{"line":314,"column":31},"end":{"line":314,"column":56}},{"start":{"line":314,"column":60},"end":{"line":314,"column":62}}],"line":314},"29":{"loc":{"start":{"line":315,"column":27},"end":{"line":315,"column":54}},"type":"binary-expr","locations":[{"start":{"line":315,"column":27},"end":{"line":315,"column":48}},{"start":{"line":315,"column":52},"end":{"line":315,"column":54}}],"line":315},"30":{"loc":{"start":{"line":316,"column":29},"end":{"line":316,"column":58}},"type":"binary-expr","locations":[{"start":{"line":316,"column":29},"end":{"line":316,"column":52}},{"start":{"line":316,"column":56},"end":{"line":316,"column":58}}],"line":316},"31":{"loc":{"start":{"line":338,"column":8},"end":{"line":340,"column":9}},"type":"if","locations":[{"start":{"line":338,"column":8},"end":{"line":340,"column":9}},{"start":{},"end":{}}],"line":338},"32":{"loc":{"start":{"line":357,"column":8},"end":{"line":359,"column":9}},"type":"if","locations":[{"start":{"line":357,"column":8},"end":{"line":359,"column":9}},{"start":{},"end":{}}],"line":357},"33":{"loc":{"start":{"line":363,"column":33},"end":{"line":369,"column":14}},"type":"binary-expr","locations":[{"start":{"line":363,"column":33},"end":{"line":363,"column":62}},{"start":{"line":363,"column":66},"end":{"line":369,"column":14}}],"line":363},"34":{"loc":{"start":{"line":370,"column":33},"end":{"line":376,"column":14}},"type":"binary-expr","locations":[{"start":{"line":370,"column":33},"end":{"line":370,"column":62}},{"start":{"line":370,"column":66},"end":{"line":376,"column":14}}],"line":370},"35":{"loc":{"start":{"line":377,"column":33},"end":{"line":383,"column":14}},"type":"binary-expr","locations":[{"start":{"line":377,"column":33},"end":{"line":377,"column":62}},{"start":{"line":377,"column":66},"end":{"line":383,"column":14}}],"line":377},"36":{"loc":{"start":{"line":401,"column":37},"end":{"line":401,"column":77}},"type":"binary-expr","locations":[{"start":{"line":401,"column":37},"end":{"line":401,"column":71}},{"start":{"line":401,"column":75},"end":{"line":401,"column":77}}],"line":401},"37":{"loc":{"start":{"line":402,"column":37},"end":{"line":402,"column":77}},"type":"binary-expr","locations":[{"start":{"line":402,"column":37},"end":{"line":402,"column":71}},{"start":{"line":402,"column":75},"end":{"line":402,"column":77}}],"line":402},"38":{"loc":{"start":{"line":403,"column":37},"end":{"line":403,"column":77}},"type":"binary-expr","locations":[{"start":{"line":403,"column":37},"end":{"line":403,"column":71}},{"start":{"line":403,"column":75},"end":{"line":403,"column":77}}],"line":403},"39":{"loc":{"start":{"line":409,"column":8},"end":{"line":411,"column":9}},"type":"if","locations":[{"start":{"line":409,"column":8},"end":{"line":411,"column":9}},{"start":{},"end":{}}],"line":409},"40":{"loc":{"start":{"line":433,"column":30},"end":{"line":433,"column":54}},"type":"binary-expr","locations":[{"start":{"line":433,"column":30},"end":{"line":433,"column":39}},{"start":{"line":433,"column":43},"end":{"line":433,"column":54}}],"line":433},"41":{"loc":{"start":{"line":436,"column":8},"end":{"line":438,"column":9}},"type":"if","locations":[{"start":{"line":436,"column":8},"end":{"line":438,"column":9}},{"start":{},"end":{}}],"line":436},"42":{"loc":{"start":{"line":447,"column":30},"end":{"line":447,"column":67}},"type":"cond-expr","locations":[{"start":{"line":447,"column":46},"end":{"line":447,"column":48}},{"start":{"line":447,"column":51},"end":{"line":447,"column":67}}],"line":447},"43":{"loc":{"start":{"line":448,"column":39},"end":{"line":448,"column":85}},"type":"cond-expr","locations":[{"start":{"line":448,"column":55},"end":{"line":448,"column":57}},{"start":{"line":448,"column":60},"end":{"line":448,"column":85}}],"line":448},"44":{"loc":{"start":{"line":449,"column":28},"end":{"line":449,"column":63}},"type":"cond-expr","locations":[{"start":{"line":449,"column":44},"end":{"line":449,"column":46}},{"start":{"line":449,"column":49},"end":{"line":449,"column":63}}],"line":449},"45":{"loc":{"start":{"line":457,"column":48},"end":{"line":457,"column":77}},"type":"binary-expr","locations":[{"start":{"line":457,"column":48},"end":{"line":457,"column":71}},{"start":{"line":457,"column":75},"end":{"line":457,"column":77}}],"line":457},"46":{"loc":{"start":{"line":458,"column":56},"end":{"line":458,"column":93}},"type":"binary-expr","locations":[{"start":{"line":458,"column":56},"end":{"line":458,"column":87}},{"start":{"line":458,"column":91},"end":{"line":458,"column":93}}],"line":458},"47":{"loc":{"start":{"line":459,"column":51},"end":{"line":459,"column":83}},"type":"binary-expr","locations":[{"start":{"line":459,"column":51},"end":{"line":459,"column":77}},{"start":{"line":459,"column":81},"end":{"line":459,"column":83}}],"line":459},"48":{"loc":{"start":{"line":460,"column":57},"end":{"line":460,"column":95}},"type":"binary-expr","locations":[{"start":{"line":460,"column":57},"end":{"line":460,"column":89}},{"start":{"line":460,"column":93},"end":{"line":460,"column":95}}],"line":460},"49":{"loc":{"start":{"line":482,"column":39},"end":{"line":482,"column":83}},"type":"binary-expr","locations":[{"start":{"line":482,"column":39},"end":{"line":482,"column":77}},{"start":{"line":482,"column":81},"end":{"line":482,"column":83}}],"line":482},"50":{"loc":{"start":{"line":483,"column":34},"end":{"line":483,"column":73}},"type":"binary-expr","locations":[{"start":{"line":483,"column":34},"end":{"line":483,"column":67}},{"start":{"line":483,"column":71},"end":{"line":483,"column":73}}],"line":483},"51":{"loc":{"start":{"line":484,"column":40},"end":{"line":484,"column":85}},"type":"binary-expr","locations":[{"start":{"line":484,"column":40},"end":{"line":484,"column":79}},{"start":{"line":484,"column":83},"end":{"line":484,"column":85}}],"line":484},"52":{"loc":{"start":{"line":490,"column":8},"end":{"line":492,"column":9}},"type":"if","locations":[{"start":{"line":490,"column":8},"end":{"line":492,"column":9}},{"start":{},"end":{}}],"line":490},"53":{"loc":{"start":{"line":513,"column":8},"end":{"line":515,"column":9}},"type":"if","locations":[{"start":{"line":513,"column":8},"end":{"line":515,"column":9}},{"start":{},"end":{}}],"line":513},"54":{"loc":{"start":{"line":519,"column":38},"end":{"line":523,"column":14}},"type":"binary-expr","locations":[{"start":{"line":519,"column":38},"end":{"line":519,"column":72}},{"start":{"line":519,"column":76},"end":{"line":523,"column":14}}],"line":519},"55":{"loc":{"start":{"line":524,"column":28},"end":{"line":531,"column":14}},"type":"binary-expr","locations":[{"start":{"line":524,"column":28},"end":{"line":524,"column":52}},{"start":{"line":524,"column":56},"end":{"line":531,"column":14}}],"line":524},"56":{"loc":{"start":{"line":549,"column":42},"end":{"line":549,"column":84}},"type":"binary-expr","locations":[{"start":{"line":549,"column":42},"end":{"line":549,"column":78}},{"start":{"line":549,"column":82},"end":{"line":549,"column":84}}],"line":549},"57":{"loc":{"start":{"line":550,"column":32},"end":{"line":550,"column":64}},"type":"binary-expr","locations":[{"start":{"line":550,"column":32},"end":{"line":550,"column":58}},{"start":{"line":550,"column":62},"end":{"line":550,"column":64}}],"line":550},"58":{"loc":{"start":{"line":556,"column":8},"end":{"line":558,"column":9}},"type":"if","locations":[{"start":{"line":556,"column":8},"end":{"line":558,"column":9}},{"start":{},"end":{}}],"line":556},"59":{"loc":{"start":{"line":578,"column":8},"end":{"line":580,"column":9}},"type":"if","locations":[{"start":{"line":578,"column":8},"end":{"line":580,"column":9}},{"start":{},"end":{}}],"line":578},"60":{"loc":{"start":{"line":584,"column":32},"end":{"line":584,"column":66}},"type":"binary-expr","locations":[{"start":{"line":584,"column":32},"end":{"line":584,"column":60}},{"start":{"line":584,"column":64},"end":{"line":584,"column":66}}],"line":584},"61":{"loc":{"start":{"line":602,"column":36},"end":{"line":602,"column":75}},"type":"binary-expr","locations":[{"start":{"line":602,"column":36},"end":{"line":602,"column":69}},{"start":{"line":602,"column":73},"end":{"line":602,"column":75}}],"line":602},"62":{"loc":{"start":{"line":608,"column":8},"end":{"line":610,"column":9}},"type":"if","locations":[{"start":{"line":608,"column":8},"end":{"line":610,"column":9}},{"start":{},"end":{}}],"line":608},"63":{"loc":{"start":{"line":629,"column":8},"end":{"line":631,"column":9}},"type":"if","locations":[{"start":{"line":629,"column":8},"end":{"line":631,"column":9}},{"start":{},"end":{}}],"line":629},"64":{"loc":{"start":{"line":635,"column":19},"end":{"line":641,"column":14}},"type":"binary-expr","locations":[{"start":{"line":635,"column":19},"end":{"line":635,"column":34}},{"start":{"line":635,"column":38},"end":{"line":641,"column":14}}],"line":635},"65":{"loc":{"start":{"line":642,"column":31},"end":{"line":649,"column":14}},"type":"binary-expr","locations":[{"start":{"line":642,"column":31},"end":{"line":642,"column":58}},{"start":{"line":642,"column":62},"end":{"line":649,"column":14}}],"line":642},"66":{"loc":{"start":{"line":650,"column":26},"end":{"line":657,"column":14}},"type":"binary-expr","locations":[{"start":{"line":650,"column":26},"end":{"line":650,"column":48}},{"start":{"line":650,"column":52},"end":{"line":657,"column":14}}],"line":650},"67":{"loc":{"start":{"line":675,"column":23},"end":{"line":675,"column":44}},"type":"binary-expr","locations":[{"start":{"line":675,"column":23},"end":{"line":675,"column":38}},{"start":{"line":675,"column":42},"end":{"line":675,"column":44}}],"line":675},"68":{"loc":{"start":{"line":676,"column":35},"end":{"line":676,"column":68}},"type":"binary-expr","locations":[{"start":{"line":676,"column":35},"end":{"line":676,"column":62}},{"start":{"line":676,"column":66},"end":{"line":676,"column":68}}],"line":676},"69":{"loc":{"start":{"line":677,"column":30},"end":{"line":677,"column":58}},"type":"binary-expr","locations":[{"start":{"line":677,"column":30},"end":{"line":677,"column":52}},{"start":{"line":677,"column":56},"end":{"line":677,"column":58}}],"line":677},"70":{"loc":{"start":{"line":683,"column":8},"end":{"line":685,"column":9}},"type":"if","locations":[{"start":{"line":683,"column":8},"end":{"line":685,"column":9}},{"start":{},"end":{}}],"line":683},"71":{"loc":{"start":{"line":711,"column":8},"end":{"line":713,"column":9}},"type":"if","locations":[{"start":{"line":711,"column":8},"end":{"line":713,"column":9}},{"start":{},"end":{}}],"line":711},"72":{"loc":{"start":{"line":717,"column":33},"end":{"line":723,"column":14}},"type":"binary-expr","locations":[{"start":{"line":717,"column":33},"end":{"line":717,"column":62}},{"start":{"line":717,"column":66},"end":{"line":723,"column":14}}],"line":717},"73":{"loc":{"start":{"line":724,"column":33},"end":{"line":730,"column":14}},"type":"binary-expr","locations":[{"start":{"line":724,"column":33},"end":{"line":724,"column":62}},{"start":{"line":724,"column":66},"end":{"line":730,"column":14}}],"line":724},"74":{"loc":{"start":{"line":731,"column":33},"end":{"line":737,"column":14}},"type":"binary-expr","locations":[{"start":{"line":731,"column":33},"end":{"line":731,"column":62}},{"start":{"line":731,"column":66},"end":{"line":737,"column":14}}],"line":731},"75":{"loc":{"start":{"line":752,"column":8},"end":{"line":754,"column":9}},"type":"if","locations":[{"start":{"line":752,"column":8},"end":{"line":754,"column":9}},{"start":{},"end":{}}],"line":752},"76":{"loc":{"start":{"line":758,"column":35},"end":{"line":767,"column":14}},"type":"binary-expr","locations":[{"start":{"line":758,"column":35},"end":{"line":758,"column":66}},{"start":{"line":758,"column":70},"end":{"line":767,"column":14}}],"line":758},"77":{"loc":{"start":{"line":768,"column":30},"end":{"line":777,"column":14}},"type":"binary-expr","locations":[{"start":{"line":768,"column":30},"end":{"line":768,"column":56}},{"start":{"line":768,"column":60},"end":{"line":777,"column":14}}],"line":768},"78":{"loc":{"start":{"line":778,"column":37},"end":{"line":787,"column":14}},"type":"binary-expr","locations":[{"start":{"line":778,"column":37},"end":{"line":778,"column":70}},{"start":{"line":778,"column":74},"end":{"line":787,"column":14}}],"line":778},"79":{"loc":{"start":{"line":788,"column":36},"end":{"line":795,"column":14}},"type":"binary-expr","locations":[{"start":{"line":788,"column":36},"end":{"line":788,"column":68}},{"start":{"line":788,"column":72},"end":{"line":795,"column":14}}],"line":788},"80":{"loc":{"start":{"line":810,"column":8},"end":{"line":812,"column":9}},"type":"if","locations":[{"start":{"line":810,"column":8},"end":{"line":812,"column":9}},{"start":{},"end":{}}],"line":810},"81":{"loc":{"start":{"line":816,"column":21},"end":{"line":824,"column":14}},"type":"binary-expr","locations":[{"start":{"line":816,"column":21},"end":{"line":816,"column":38}},{"start":{"line":816,"column":42},"end":{"line":824,"column":14}}],"line":816},"82":{"loc":{"start":{"line":839,"column":8},"end":{"line":841,"column":9}},"type":"if","locations":[{"start":{"line":839,"column":8},"end":{"line":841,"column":9}},{"start":{},"end":{}}],"line":839},"83":{"loc":{"start":{"line":845,"column":25},"end":{"line":851,"column":14}},"type":"binary-expr","locations":[{"start":{"line":845,"column":25},"end":{"line":845,"column":46}},{"start":{"line":845,"column":50},"end":{"line":851,"column":14}}],"line":845},"84":{"loc":{"start":{"line":866,"column":8},"end":{"line":868,"column":9}},"type":"if","locations":[{"start":{"line":866,"column":8},"end":{"line":868,"column":9}},{"start":{},"end":{}}],"line":866},"85":{"loc":{"start":{"line":872,"column":28},"end":{"line":878,"column":14}},"type":"binary-expr","locations":[{"start":{"line":872,"column":28},"end":{"line":872,"column":52}},{"star
[...]
t":{"line":1607,"column":21},"end":{"line":1607,"column":44}},"type":"binary-expr","locations":[{"start":{"line":1607,"column":21},"end":{"line":1607,"column":38}},{"start":{"line":1607,"column":42},"end":{"line":1607,"column":44}}],"line":1607},"155":{"loc":{"start":{"line":1621,"column":8},"end":{"line":1623,"column":9}},"type":"if","locations":[{"start":{"line":1621,"column":8},"end":{"line":1623,"column":9}},{"start":{},"end":{}}],"line":1621},"156":{"loc":{"start":{"line":1621,"column":12},"end":{"line":1621,"column":60}},"type":"binary-expr","locations":[{"start":{"line":1621,"column":12},"end":{"line":1621,"column":27}},{"start":{"line":1621,"column":31},"end":{"line":1621,"column":60}}],"line":1621},"157":{"loc":{"start":{"line":1626,"column":8},"end":{"line":1628,"column":9}},"type":"if","locations":[{"start":{"line":1626,"column":8},"end":{"line":1628,"column":9}},{"start":{},"end":{}}],"line":1626},"158":{"loc":{"start":{"line":1631,"column":32},"end":{"line":1631,"column":66}},"type":"binary-expr","locations":[{"start":{"line":1631,"column":32},"end":{"line":1631,"column":60}},{"start":{"line":1631,"column":64},"end":{"line":1631,"column":66}}],"line":1631},"159":{"loc":{"start":{"line":1645,"column":8},"end":{"line":1647,"column":9}},"type":"if","locations":[{"start":{"line":1645,"column":8},"end":{"line":1647,"column":9}},{"start":{},"end":{}}],"line":1645},"160":{"loc":{"start":{"line":1645,"column":12},"end":{"line":1645,"column":60}},"type":"binary-expr","locations":[{"start":{"line":1645,"column":12},"end":{"line":1645,"column":27}},{"start":{"line":1645,"column":31},"end":{"line":1645,"column":60}}],"line":1645},"161":{"loc":{"start":{"line":1650,"column":8},"end":{"line":1652,"column":9}},"type":"if","locations":[{"start":{"line":1650,"column":8},"end":{"line":1652,"column":9}},{"start":{},"end":{}}],"line":1650},"162":{"loc":{"start":{"line":1655,"column":28},"end":{"line":1655,"column":58}},"type":"binary-expr","locations":[{"start":{"line":1655,"column":28},"end":{"line":1655,"column":52}},{"start":{"line":1655,"column":56},"end":{"line":1655,"column":58}}],"line":1655},"163":{"loc":{"start":{"line":1656,"column":26},"end":{"line":1656,"column":54}},"type":"binary-expr","locations":[{"start":{"line":1656,"column":26},"end":{"line":1656,"column":48}},{"start":{"line":1656,"column":52},"end":{"line":1656,"column":54}}],"line":1656},"164":{"loc":{"start":{"line":1657,"column":31},"end":{"line":1657,"column":64}},"type":"binary-expr","locations":[{"start":{"line":1657,"column":31},"end":{"line":1657,"column":58}},{"start":{"line":1657,"column":62},"end":{"line":1657,"column":64}}],"line":1657},"165":{"loc":{"start":{"line":1671,"column":8},"end":{"line":1673,"column":9}},"type":"if","locations":[{"start":{"line":1671,"column":8},"end":{"line":1673,"column":9}},{"start":{},"end":{}}],"line":1671},"166":{"loc":{"start":{"line":1671,"column":12},"end":{"line":1671,"column":60}},"type":"binary-expr","locations":[{"start":{"line":1671,"column":12},"end":{"line":1671,"column":27}},{"start":{"line":1671,"column":31},"end":{"line":1671,"column":60}}],"line":1671},"167":{"loc":{"start":{"line":1676,"column":8},"end":{"line":1678,"column":9}},"type":"if","locations":[{"start":{"line":1676,"column":8},"end":{"line":1678,"column":9}},{"start":{},"end":{}}],"line":1676},"168":{"loc":{"start":{"line":1681,"column":26},"end":{"line":1681,"column":60}},"type":"binary-expr","locations":[{"start":{"line":1681,"column":26},"end":{"line":1681,"column":54}},{"start":{"line":1681,"column":58},"end":{"line":1681,"column":60}}],"line":1681},"169":{"loc":{"start":{"line":1682,"column":25},"end":{"line":1682,"column":58}},"type":"binary-expr","locations":[{"start":{"line":1682,"column":25},"end":{"line":1682,"column":52}},{"start":{"line":1682,"column":56},"end":{"line":1682,"column":58}}],"line":1682},"170":{"loc":{"start":{"line":1700,"column":8},"end":{"line":1702,"column":9}},"type":"if","locations":[{"start":{"line":1700,"column":8},"end":{"line":1702,"column":9}},{"start":{},"end":{}}],"line":1700},"171":{"loc":{"start":{"line":1700,"column":12},"end":{"line":1700,"column":60}},"type":"binary-expr","locations":[{"start":{"line":1700,"column":12},"end":{"line":1700,"column":27}},{"start":{"line":1700,"column":31},"end":{"line":1700,"column":60}}],"line":1700},"172":{"loc":{"start":{"line":1705,"column":8},"end":{"line":1707,"column":9}},"type":"if","locations":[{"start":{"line":1705,"column":8},"end":{"line":1707,"column":9}},{"start":{},"end":{}}],"line":1705},"173":{"loc":{"start":{"line":1710,"column":30},"end":{"line":1710,"column":62}},"type":"binary-expr","locations":[{"start":{"line":1710,"column":30},"end":{"line":1710,"column":56}},{"start":{"line":1710,"column":60},"end":{"line":1710,"column":62}}],"line":1710},"174":{"loc":{"start":{"line":1711,"column":39},"end":{"line":1711,"column":80}},"type":"binary-expr","locations":[{"start":{"line":1711,"column":39},"end":{"line":1711,"column":74}},{"start":{"line":1711,"column":78},"end":{"line":1711,"column":80}}],"line":1711},"175":{"loc":{"start":{"line":1712,"column":32},"end":{"line":1712,"column":66}},"type":"binary-expr","locations":[{"start":{"line":1712,"column":32},"end":{"line":1712,"column":60}},{"start":{"line":1712,"column":64},"end":{"line":1712,"column":66}}],"line":1712},"176":{"loc":{"start":{"line":1713,"column":41},"end":{"line":1713,"column":84}},"type":"binary-expr","locations":[{"start":{"line":1713,"column":41},"end":{"line":1713,"column":78}},{"start":{"line":1713,"column":82},"end":{"line":1713,"column":84}}],"line":1713},"177":{"loc":{"start":{"line":1714,"column":38},"end":{"line":1714,"column":78}},"type":"binary-expr","locations":[{"start":{"line":1714,"column":38},"end":{"line":1714,"column":72}},{"start":{"line":1714,"column":76},"end":{"line":1714,"column":78}}],"line":1714},"178":{"loc":{"start":{"line":1733,"column":8},"end":{"line":1735,"column":9}},"type":"if","locations":[{"start":{"line":1733,"column":8},"end":{"line":1735,"column":9}},{"start":{},"end":{}}],"line":1733},"179":{"loc":{"start":{"line":1739,"column":8},"end":{"line":1741,"column":9}},"type":"if","locations":[{"start":{"line":1739,"column":8},"end":{"line":1741,"column":9}},{"start":{},"end":{}}],"line":1739},"180":{"loc":{"start":{"line":1754,"column":21},"end":{"line":1754,"column":34}},"type":"binary-expr","locations":[{"start":{"line":1754,"column":21},"end":{"line":1754,"column":28}},{"start":{"line":1754,"column":32},"end":{"line":1754,"column":34}}],"line":1754},"181":{"loc":{"start":{"line":1770,"column":21},"end":{"line":1770,"column":34}},"type":"binary-expr","locations":[{"start":{"line":1770,"column":21},"end":{"line":1770,"column":28}},{"start":{"line":1770,"column":32},"end":{"line":1770,"column":34}}],"line":1770},"182":{"loc":{"start":{"line":1790,"column":8},"end":{"line":1792,"column":9}},"type":"if","locations":[{"start":{"line":1790,"column":8},"end":{"line":1792,"column":9}},{"start":{},"end":{}}],"line":1790},"183":{"loc":{"start":{"line":1795,"column":29},"end":{"line":1795,"column":60}},"type":"binary-expr","locations":[{"start":{"line":1795,"column":29},"end":{"line":1795,"column":54}},{"start":{"line":1795,"column":58},"end":{"line":1795,"column":60}}],"line":1795},"184":{"loc":{"start":{"line":1807,"column":8},"end":{"line":1809,"column":9}},"type":"if","locations":[{"start":{"line":1807,"column":8},"end":{"line":1809,"column":9}},{"start":{},"end":{}}],"line":1807},"185":{"loc":{"start":{"line":1812,"column":38},"end":{"line":1812,"column":78}},"type":"binary-expr","locations":[{"start":{"line":1812,"column":38},"end":{"line":1812,"column":72}},{"start":{"line":1812,"column":76},"end":{"line":1812,"column":78}}],"line":1812},"186":{"loc":{"start":{"line":1826,"column":8},"end":{"line":1828,"column":9}},"type":"if","locations":[{"start":{"line":1826,"column":8},"end":{"line":1828,"column":9}},{"start":{},"end":{}}],"line":1826},"187":{"loc":{"start":{"line":1831,"column":8},"end":{"line":1833,"column":9}},"type":"if","locations":[{"start":{"line":1831,"column":8},"end":{"line":1833,"column":9}},{"start":{},"end":{}}],"line":1831},"188":{"loc":{"start":{"line":1837,"column":8},"end":{"line":1839,"column":9}},"type":"if","locations":[{"start":{"line":1837,"column":8},"end":{"line":1839,"column":9}},{"start":{},"end":{}}],"line":1837},"189":{"loc":{"start":{"line":1844,"column":41},"end":{"line":1844,"column":63}},"type":"binary-expr","locations":[{"start":{"line":1844,"column":41},"end":{"line":1844,"column":57}},{"start":{"line":1844,"column":61},"end":{"line":1844,"column":63}}],"line":1844},"190":{"loc":{"start":{"line":1848,"column":8},"end":{"line":1862,"column":9}},"type":"if","locations":[{"start":{"line":1848,"column":8},"end":{"line":1862,"column":9}},{"start":{},"end":{}}],"line":1848},"191":{"loc":{"start":{"line":1850,"column":16},"end":{"line":1853,"column":40}},"type":"binary-expr","locations":[{"start":{"line":1850,"column":16},"end":{"line":1850,"column":77}},{"start":{"line":1851,"column":16},"end":{"line":1851,"column":71}},{"start":{"line":1852,"column":16},"end":{"line":1852,"column":73}},{"start":{"line":1853,"column":16},"end":{"line":1853,"column":40}}],"line":1850},"192":{"loc":{"start":{"line":1856,"column":12},"end":{"line":1861,"column":13}},"type":"if","locations":[{"start":{"line":1856,"column":12},"end":{"line":1861,"column":13}},{"start":{},"end":{}}],"line":1856},"193":{"loc":{"start":{"line":1859,"column":51},"end":{"line":1859,"column":73}},"type":"binary-expr","locations":[{"start":{"line":1859,"column":51},"end":{"line":1859,"column":67}},{"start":{"line":1859,"column":71},"end":{"line":1859,"column":73}}],"line":1859},"194":{"loc":{"start":{"line":1881,"column":8},"end":{"line":1883,"column":9}},"type":"if","locations":[{"start":{"line":1881,"column":8},"end":{"line":1883,"column":9}},{"start":{},"end":{}}],"line":1881},"195":{"loc":{"start":{"line":1886,"column":8},"end":{"line":1895,"column":9}},"type":"if","locations":[{"start":{"line":1886,"column":8},"end":{"line":1895,"column":9}},{"start":{},"end":{}}],"line":1886},"196":{"loc":{"start":{"line":1888,"column":12},"end":{"line":1893,"column":13}},"type":"if","locations":[{"start":{"line":1888,"column":12},"end":{"line":1893,"column":13}},{"start":{},"end":{}}],"line":1888},"197":{"loc":{"start":{"line":1888,"column":16},"end":{"line":1888,"column":70}},"type":"binary-expr","locations":[{"start":{"line":1888,"column":16},"end":{"line":1888,"column":32}},{"start":{"line":1888,"column":36},"end":{"line":1888,"column":70}}],"line":1888},"198":{"loc":{"start":{"line":1899,"column":12},"end":{"line":1902,"column":37}},"type":"binary-expr","locations":[{"start":{"line":1899,"column":12},"end":{"line":1899,"column":55}},{"start":{"line":1900,"column":12},"end":{"line":1900,"column":52}},{"start":{"line":1901,"column":12},"end":{"line":1901,"column":53}},{"start":{"line":1902,"column":12},"end":{"line":1902,"column":37}}],"line":1899},"199":{"loc":{"start":{"line":1905,"column":8},"end":{"line":1913,"column":9}},"type":"if","locations":[{"start":{"line":1905,"column":8},"end":{"line":1913,"column":9}},{"start":{},"end":{}}],"line":1905},"200":{"loc":{"start":{"line":1907,"column":12},"end":{"line":1912,"column":13}},"type":"if","locations":[{"start":{"line":1907,"column":12},"end":{"line":1912,"column":13}},{"start":{},"end":{}}],"line":1907},"201":{"loc":{"start":{"line":1907,"column":16},"end":{"line":1907,"column":70}},"type":"binary-expr","locations":[{"start":{"line":1907,"column":16},"end":{"line":1907,"column":32}},{"start":{"line":1907,"column":36},"end":{"line":1907,"column":70}}],"line":1907},"202":{"loc":{"start":{"line":1923,"column":0},"end":{"line":1927,"column":1}},"type":"if","locations":[{"start":{"line":1923,"column":0},"end":{"line":1927,"column":1}},{"start":{},"end":{}}],"line":1923}},"s":{"0":2,"1":2,"2":2,"3":2,"4":2,"5":2,"6":2,"7":2,"8":2,"9":2,"10":2,"11":2,"12":2,"13":2,"14":2,"15":3,"16":3,"17":3,"18":3,"19":3,"20":2,"21":0,"22":0,"23":0,"24":2,"25":0,"26":0,"27":0,"28":0,"29":0,"30":0,"31":0,"32":0,"33":0,"34":2,"35":1,"36":2,"37":0,"38":0,"39":0,"40":0,"41":0,"42":0,"43":0,"44":0,"45":0,"46":0,"47":0,"48":0,"49":0,"50":0,"51":0,"52":0,"53":2,"54":2,"55":1,"56":1,"57":1,"58":1,"59":1,"60":1,"61":1,"62":1,"63":1,"64":0,"65":1,"66":0,"67":1,"68":1,"69":1,"70":0,"71":1,"72":1,"73":1,"74":1,"75":1,"76":1,"77":0,"78":0,"79":2,"80":1,"81":1,"82":1,"83":1,"84":1,"85":0,"86":1,"87":1,"88":0,"89":1,"90":1,"91":0,"92":2,"93":0,"94":0,"95":0,"96":0,"97":0,"98":0,"99":0,"100":0,"101":2,"102":0,"103":0,"104":0,"105":0,"106":0,"107":0,"108":0,"109":0,"110":0,"111":0,"112":0,"113":0,"114":0,"115":2,"116":0,"117":0,"118":0,"119":0,"120":0,"121":0,"122":0,"123":0,"124":0,"125":0,"126":0,"127":0,"128":0,"129":0,"130":0,"131":0,"132":0,"133":0,"134":0,"135":0,"136":2,"137":0,"138":0,"139":0,"140":0,"141":0,"142":0,"143":0,"144":0,"145":0,"146":0,"147":0,"148":0,"149":0,"150":0,"151":0,"152":2,"153":0,"154":0,"155":0,"156":0,"157":0,"158":0,"159":0,"160":0,"161":0,"162":2,"163":0,"164":0,"165":0,"166":0,"167":0,"168":0,"169":0,"170":0,"171":2,"172":0,"173":0,"174":0,"175":0,"176":0,"177":0,"178":0,"179":0,"180":0,"181":2,"182":0,"183":0,"184":0,"185":0,"186":0,"187":0,"188":0,"189":0,"190":0,"191":0,"192":0,"193":0,"194":0,"195":0,"196":0,"197":0,"198":0,"199":2,"200":0,"201":0,"202":0,"203":0,"204":0,"205":0,"206":0,"207":0,"208":0,"209":2,"210":0,"211":0,"212":0,"213":0,"214":0,"215":0,"216":0,"217":0,"218":2,"219":0,"220":0,"221":0,"222":0,"223":0,"224":0,"225":0,"226":0,"227":0,"228":2,"229":0,"230":0,"231":0,"232":0,"233":0,"234":0,"235":0,"236":0,"237":2,"238":0,"239":0,"240":0,"241":0,"242":0,"243":0,"244":0,"245":0,"246":0,"247":2,"248":0,"249":0,"250":0,"251":0,"252":0,"253":0,"254":0,"255":0,"256":2,"257":0,"258":0,"259":0,"260":0,"261":0,"262":0,"263":0,"264":0,"265":0,"266":2,"267":0,"268":0,"269":0,"270":0,"271":0,"272":0,"273":0,"274":0,"275":0,"276":2,"277":0,"278":0,"279":0,"280":0,"281":0,"282":0,"283":0,"284":0,"285":0,"286":2,"287":0,"288":0,"289":0,"290":0,"291":0,"292":0,"293":0,"294":0,"295":0,"296":2,"297":0,"298":0,"299":0,"300":0,"301":0,"302":0,"303":0,"304":0,"305":0,"306":2,"307":0,"308":0,"309":0,"310":0,"311":0,"312":0,"313":0,"314":0,"315":0,"316":2,"317":0,"318":0,"319":0,"320":0,"321":0,"322":0,"323":0,"324":0,"325":0,"326":2,"327":0,"328":0,"329":0,"330":0,"331":0,"332":0,"333":0,"334":0,"335":0,"336":0,"337":2,"338":0,"339":0,"340":0,"341":0,"342":0,"343":0,"344":0,"345":0,"346":0,"347":2,"348":0,"349":0,"350":0,"351":0,"352":0,"353":0,"354":0,"355":0,"356":0,"357":0,"358":2,"359":0,"360":0,"361":0,"362":0,"363":0,"364":0,"365":0,"366":0,"367":0,"368":2,"369":0,"370":0,"371":0,"372":0,"373":0,"374":0,"375":0,"376":0,"377":0,"378":0,"379":2,"380":0,"381":0,"382":0,"383":0,"384":0,"385":0,"386":0,"387":0,"388":2,"389":0,"390":0,"391":0,"392":0,"393":0,"394":0,"395":0,"396":0,"397":0,"398":0,"399":2,"400":0,"401":0,"402":0,"403":0,"404":0,"405":0,"406":0,"407":0,"408":2,"409":0,"410":0,"411":0,"412":0,"413":0,"414":0,"415":0,"416":0,"417":0,"418":2,"419":0,"420":0,"421":0,"422":0,"423":0,"424":0,"425":0,"426":0,"427":2,"428":0,"429":0,"430":0,"431":0,"432":0,"433":0,"434":0,"435":0,"436":0,"437":2,"438":0,"439":0,"440":0,"441":0,"442":0,"443":0,"444":0,"445":0,"446":2,"447":0,"448":0,"449":0,"450":0,"451":0,"452":0,"453":0,"454":0,"455":0,"456":0,"457":2,"458":0,"459":0,"460":0,"461":0,"462":0,"463":0,"464":0,"465":0,"466":2,"467":0,"468":0,"469":0,"470":0,"471":0,"472":0,"473":0,"474":0,"475":0,"476":0,"477":2,"478":0,"479":0,"480":0,"481":0,"482":0,"483":2,"484":0,"485":0,"486":0,"487":0,"488":0,"489":0,"490":0,"491":0,"492":0,"493":2,"494":0,"495":0,"496":0,"497":0,"498":0,"499":0,"500":0,"501":0,"502":0,"503":0,"504":0,"505":2,"506":0,"507":0,"508":0,"509":0,"510":0,"511":0,"512":0,"513":0,"514":0,"515":0,"516":0,"517":2,"518":0,"519":0,"520":0,"521":0,"522":0,"523":0,"524":0,"525":0,"526":0,"527":0,"528":0,"529":2,"530":0,"531":0,"532":0,"533":0,"534":0,"535":0,"536":0,"537":0,"538":0,"539":0,"540":0,"541":2,"542":0,"543":0,"544":0,"545":0,"546":0,"547":0,"548":0,"549":0,"550":0,"551":0,"552":0,"553":2,"554":0,"555":0,"556":0,"557":0,"558":0,"559":0,"560":0,"561":0,"562":0,"563":0,"564":0,"565":2,"566":0,"567":0,"568":0,"569":0,"570":0,"571":0,"572":0,"573":0,"574":0,"575":0,"576":0,"577":2,"578":0,"579":0,"580":0,"581":0,"582":0,"583":0,"584":0,"585":0,"586":0,"587":0,"588":0,"589":0,"590":0,"591":0,"592":0,"593":0,"594":0,"595":2,"596":0,"597":0,"598":0,"599":0,"600":0,"601":0,"602":0,"603":2,"604":0,"605":0,"606":0,"607":0,"608":0,"609":0,"610":0,"611":2,"612":0,"613":0,"614":0,"615":0,"616":0,"617":0,"618":0,"619":0,"620":0,"621":0,"622":0,"623":0,"624":0,"625":0,"626":0,"627":0,"628":0,"629":0,"630":0,"631":0,"632":0,"633":0,"634":0,"635":0,"636":0,"637":0,"638":0,"639":2,"640":0,"641":0,"642":0,"643":0,"644":0,"645":0,"646":0,"647":0,"648":0,"649":0,"650":0,"651":0,"652":0,"653":0,"654":0,"655":0,"656":0,"657":0,"658":0,"659":0,"660":2,"661":0,"662":0,"663":2},"f":{"0":3,"1":0,"2":0,"3":0,"4":0,"5":1,"6":0,"7":1,"8":1,"9":0,"10":0,"11":0,"12":0,"13":0,"14":0,"15":0,"16":0,"17":0,"18":0,"19":0,"20":0,"21":0,"22":0,"23":0,"24":0,"25":0,"26":0,"27":0,"28":0,"29":0,"30":0,"31":0,"32":0,"33":0,"34":0,"35":0,"36":0,"37":0,"38":0,"39":0,"40":0,"41":0,"42":0,"43":0,"44":0,"45":0,"46":0,"47":0,"48":0,"49":0,"50":0,"51":0,"52":0,"53":0,"54":0,"55":0,"56":0,"57":0,"58":0,"59":0,"60":0,"61":0,"62":0,"63":0},"b":{"0":[2,2],"1":[0,2],"2":[0,0],"3":[0,0],"4":[0,0],"5":[0,0],"6":[0,0],"7":[0,1],"8":[0,1],"9":[1,0],"10":[0,1],"11":[0,1],"12":[0,1],"13":[0,1],"14":[0,1],"15":[0,1],"16":[0,0],"17":[0,0],"18":[0,0],"19":[0,0],"20":[0,0],"21":[0,0],"22":[0,0],"23":[0,0],"24":[0,0],"25":[0,0],"26":[0,0],"27":[0,0],"28":[0,0],"29":[0,0],"30":[0,0],"31":[0,0],"32":[0,0],"33":[0,0],"34":[0,0],"35":[0,0],"36":[0,0],"37":[0,0],"38":[0,0],"39":[0,0],"40":[0,0],"41":[0,0],"42":[0,0],"43":[0,0],"44":[0,0],"45":[0,0],"46":[0,0],"47":[0,0],"48":[0,0],"49":[0,0],"50":[0,0],"51":[0,0],"52":[0,0],"53":[0,0],"54":[0,0],"55":[0,0],"56":[0,0],"57":[0,0],"58":[0,0],"59":[0,0],"60":[0,0],"61":[0,0],"62":[0,0],"63":[0,0],"64":[0,0],"65":[0,0],"66":[0,0],"67":[0,0],"68":[0,0],"69":[0,0],"70":[0,0],"71":[0,0],"72":[0,0],"73":[0,0],"74":[0,0],"75":[0,0],"76":[0,0],"77":[0,0],"78":[0,0],"79":[0,0],"80":[0,0],"81":[0,0],"82":[0,0],"83":[0,0],"84":[0,0],"85":[0,0],"86":[0,0],"87":[0,0],"88":[0,0],"89":[0,0],"90":[0,0],"91":[0,0],"92":[0,0],"93":[0,0],"94":[0,0],"95":[0,0],"96":[0,0],"97":[0,0],"98":[0,0],"99":[0,0],"100":[0,0],"101":[0,0],"102":[0,0],"103":[0,0],"104":[0,0],"105":[0,0],"106":[0,0],"107":[0,0],"108":[0,0],"109":[0,0],"110":[0,0],"111":[0,0],"112":[0,0],"113":[0,0],"114":[0,0],"115":[0,0],"116":[0,0],"117":[0,0],"118":[0,0],"119":[0,0],"120":[0,0],"121":[0,0],"122":[0,0],"123":[0,0],"124":[0,0],"125":[0,0],"126":[0,0],"127":[0,0],"128":[0,0],"129":[0,0],"130":[0,0],"131":[0,0],"132":[0,0],"133":[0,0],"134":[0,0],"135":[0,0],"136":[0,0],"137":[0,0],"138":[0,0],"139":[0,0],"140":[0,0],"141":[0,0],"142":[0,0],"143":[0,0],"144":[0,0],"145":[0,0],"146":[0,0],"147":[0,0],"148":[0,0],"149":[0,0],"150":[0,0],"151":[0,0],"152":[0,0],"153":[0,0],"154":[0,0],"155":[0,0],"156":[0,0],"157":[0,0],"158":[0,0],"159":[0,0],"160":[0,0],"161":[0,0],"162":[0,0],"163":[0,0],"164":[0,0],"165":[0,0],"166":[0,0],"167":[0,0],"168":[0,0],"169":[0,0],"170":[0,0],"171":[0,0],"172":[0,0],"173":[0,0],"174":[0,0],"175":[0,0],"176":[0,0],"177":[0,0],"178":[0,0],"179":[0,0],"180":[0,0],"181":[0,0],"182":[0,0],"183":[0,0],"184":[0,0],"185":[0,0],"186":[0,0],"187":[0,0],"188":[0,0],"189":[0,0],"190":[0,0],"191":[0,0,0,0],"192":[0,0],"193":[0,0],"194":[0,0],"195":[0,0],"196":[0,0],"197":[0,0],"198":[0,0,0,0],"199":[0,0],"200":[0,0],"201":[0,0],"202":[0,2]},"_coverageSchema":"1a1c01bbd47fc00a2c39e90264f33305004495a9","hash":"cc67657060b78d010586c985c562c453cc68f837"}
}
