TN:
SF:index.js
FN:28,(anonymous_0)
FN:39,(anonymous_1)
FN:40,(anonymous_2)
FN:44,(anonymous_3)
FN:55,(anonymous_4)
FN:68,(anonymous_5)
FN:73,(anonymous_6)
FN:129,(anonymous_7)
FN:176,(anonymous_8)
FN:205,(anonymous_9)
FN:220,(anonymous_10)
FN:252,(anonymous_11)
FN:287,(anonymous_12)
FN:328,(anonymous_13)
FN:354,(anonymous_14)
FN:394,(anonymous_15)
FN:429,(anonymous_16)
FN:444,(anonymous_17)
FN:445,(anonymous_18)
FN:475,(anonymous_19)
FN:510,(anonymous_20)
FN:542,(anonymous_21)
FN:575,(anonymous_22)
FN:595,(anonymous_23)
FN:626,(anonymous_24)
FN:668,(anonymous_25)
FN:707,(anonymous_26)
FN:748,(anonymous_27)
FN:806,(anonymous_28)
FN:835,(anonymous_29)
FN:862,(anonymous_30)
FN:909,(anonymous_31)
FN:953,(anonymous_32)
FN:993,(anonymous_33)
FN:1049,(anonymous_34)
FN:1093,(anonymous_35)
FN:1128,(anonymous_36)
FN:1166,(anonymous_37)
FN:1189,(anonymous_38)
FN:1234,(anonymous_39)
FN:1259,(anonymous_40)
FN:1298,(anonymous_41)
FN:1324,(anonymous_42)
FN:1363,(anonymous_43)
FN:1385,(anonymous_44)
FN:1428,(anonymous_45)
FN:1451,(anonymous_46)
FN:1492,(anonymous_47)
FN:1514,(anonymous_48)
FN:1543,(anonymous_49)
FN:1568,(anonymous_50)
FN:1594,(anonymous_51)
FN:1618,(anonymous_52)
FN:1642,(anonymous_53)
FN:1668,(anonymous_54)
FN:1697,(anonymous_55)
FN:1727,(anonymous_56)
FN:1787,(anonymous_57)
FN:1804,(anonymous_58)
FN:1821,(anonymous_59)
FN:1849,(anonymous_60)
FN:1874,(anonymous_61)
FN:1898,(anonymous_62)
FN:1924,(anonymous_63)
FNF:64
FNH:4
FNDA:3,(anonymous_0)
FNDA:0,(anonymous_1)
FNDA:0,(anonymous_2)
FNDA:0,(anonymous_3)
FNDA:0,(anonymous_4)
FNDA:1,(anonymous_5)
FNDA:0,(anonymous_6)
FNDA:1,(anonymous_7)
FNDA:1,(anonymous_8)
FNDA:0,(anonymous_9)
FNDA:0,(anonymous_10)
FNDA:0,(anonymous_11)
FNDA:0,(anonymous_12)
FNDA:0,(anonymous_13)
FNDA:0,(anonymous_14)
FNDA:0,(anonymous_15)
FNDA:0,(anonymous_16)
FNDA:0,(anonymous_17)
FNDA:0,(anonymous_18)
FNDA:0,(anonymous_19)
FNDA:0,(anonymous_20)
FNDA:0,(anonymous_21)
FNDA:0,(anonymous_22)
FNDA:0,(anonymous_23)
FNDA:0,(anonymous_24)
FNDA:0,(anonymous_25)
FNDA:0,(anonymous_26)
FNDA:0,(anonymous_27)
FNDA:0,(anonymous_28)
FNDA:0,(anonymous_29)
FNDA:0,(anonymous_30)
FNDA:0,(anonymous_31)
FNDA:0,(anonymous_32)
FNDA:0,(anonymous_33)
FNDA:0,(anonymous_34)
FNDA:0,(anonymous_35)
FNDA:0,(anonymous_36)
FNDA:0,(anonymous_37)
FNDA:0,(anonymous_38)
FNDA:0,(anonymous_39)
FNDA:0,(anonymous_40)
FNDA:0,(anonymous_41)
FNDA:0,(anonymous_42)
FNDA:0,(anonymous_43)
FNDA:0,(anonymous_44)
FNDA:0,(anonymous_45)
FNDA:0,(anonymous_46)
FNDA:0,(anonymous_47)
FNDA:0,(anonymous_48)
FNDA:0,(anonymous_49)
FNDA:0,(anonymous_50)
FNDA:0,(anonymous_51)
FNDA:0,(anonymous_52)
FNDA:0,(anonymous_53)
FNDA:0,(anonymous_54)
FNDA:0,(anonymous_55)
FNDA:0,(anonymous_56)
FNDA:0,(anonymous_57)
FNDA:0,(anonymous_58)
FNDA:0,(anonymous_59)
FNDA:0,(anonymous_60)
FNDA:0,(anonymous_61)
FNDA:0,(anonymous_62)
FNDA:0,(anonymous_63)
DA:1,2
DA:2,2
DA:3,2
DA:4,2
DA:5,2
DA:6,2
DA:7,2
DA:8,2
DA:9,2
DA:10,2
DA:12,2
DA:13,2
DA:16,2
DA:25,2
DA:28,2
DA:29,3
DA:30,3
DA:31,3
DA:32,3
DA:33,3
DA:37,2
DA:38,0
DA:39,0
DA:40,0
DA:44,2
DA:45,0
DA:46,0
DA:48,0
DA:49,0
DA:55,0
DA:56,0
DA:57,0
DA:62,0
DA:63,0
DA:68,2
DA:69,1
DA:73,2
DA:74,0
DA:75,0
DA:77,0
DA:78,0
DA:85,0
DA:86,0
DA:87,0
DA:88,0
DA:90,0
DA:91,0
DA:99,0
DA:101,0
DA:102,0
DA:109,0
DA:116,0
DA:117,0
DA:126,2
DA:129,2
DA:130,1
DA:131,1
DA:132,1
DA:133,1
DA:134,1
DA:135,1
DA:136,1
DA:138,1
DA:139,1
DA:140,0
DA:142,1
DA:143,0
DA:147,1
DA:148,1
DA:149,1
DA:150,0
DA:153,1
DA:154,1
DA:161,1
DA:162,1
DA:163,1
DA:165,1
DA:170,0
DA:171,0
DA:176,2
DA:177,1
DA:178,1
DA:179,1
DA:180,1
DA:181,1
DA:182,0
DA:184,1
DA:185,1
DA:186,0
DA:188,1
DA:194,1
DA:196,0
DA:205,2
DA:206,0
DA:207,0
DA:208,0
DA:209,0
DA:211,0
DA:212,0
DA:214,0
DA:215,0
DA:220,2
DA:221,0
DA:222,0
DA:225,0
DA:226,0
DA:227,0
DA:228,0
DA:230,0
DA:236,0
DA:237,0
DA:240,0
DA:241,0
DA:246,0
DA:247,0
DA:252,2
DA:253,0
DA:254,0
DA:255,0
DA:256,0
DA:259,0
DA:260,0
DA:261,0
DA:263,0
DA:264,0
DA:265,0
DA:268,0
DA:269,0
DA:271,0
DA:273,0
DA:274,0
DA:275,0
DA:278,0
DA:279,0
DA:281,0
DA:282,0
DA:287,2
DA:288,0
DA:289,0
DA:290,0
DA:291,0
DA:293,0
DA:294,0
DA:296,0
DA:298,0
DA:299,0
DA:300,0
DA:304,0
DA:319,0
DA:320,0
DA:322,0
DA:323,0
DA:328,2
DA:329,0
DA:330,0
DA:332,0
DA:338,0
DA:339,0
DA:342,0
DA:343,0
DA:348,0
DA:349,0
DA:354,2
DA:355,0
DA:356,0
DA:357,0
DA:358,0
DA:362,0
DA:386,0
DA:388,0
DA:389,0
DA:394,2
DA:395,0
DA:396,0
DA:398,0
DA:409,0
DA:410,0
DA:413,0
DA:414,0
DA:423,0
DA:424,0
DA:429,2
DA:430,0
DA:431,0
DA:432,0
DA:433,0
DA:435,0
DA:436,0
DA:437,0
DA:441,0
DA:444,0
DA:445,0
DA:454,0
DA:464,0
DA:465,0
DA:467,0
DA:469,0
DA:470,0
DA:475,2
DA:476,0
DA:477,0
DA:479,0
DA:490,0
DA:491,0
DA:494,0
DA:495,0
DA:504,0
DA:505,0
DA:510,2
DA:511,0
DA:512,0
DA:513,0
DA:514,0
DA:518,0
DA:534,0
DA:536,0
DA:537,0
DA:542,2
DA:543,0
DA:544,0
DA:546,0
DA:556,0
DA:557,0
DA:560,0
DA:561,0
DA:569,0
DA:570,0
DA:575,2
DA:576,0
DA:577,0
DA:578,0
DA:579,0
DA:583,0
DA:587,0
DA:589,0
DA:590,0
DA:595,2
DA:596,0
DA:597,0
DA:599,0
DA:608,0
DA:609,0
DA:612,0
DA:613,0
DA:620,0
DA:621,0
DA:626,2
DA:627,0
DA:628,0
DA:629,0
DA:630,0
DA:634,0
DA:660,0
DA:662,0
DA:663,0
DA:668,2
DA:669,0
DA:670,0
DA:672,0
DA:683,0
DA:684,0
DA:687,0
DA:688,0
DA:697,0
DA:698,0
DA:707,2
DA:708,0
DA:709,0
DA:710,0
DA:711,0
DA:712,0
DA:716,0
DA:740,0
DA:742,0
DA:743,0
DA:748,2
DA:749,0
DA:750,0
DA:751,0
DA:752,0
DA:753,0
DA:757,0
DA:798,0
DA:800,0
DA:801,0
DA:806,2
DA:807,0
DA:808,0
DA:809,0
DA:810,0
DA:811,0
DA:815,0
DA:827,0
DA:829,0
DA:830,0
DA:835,2
DA:836,0
DA:837,0
DA:838,0
DA:839,0
DA:840,0
DA:844,0
DA:854,0
DA:856,0
DA:857,0
DA:862,2
DA:863,0
DA:864,0
DA:865,0
DA:866,0
DA:867,0
DA:871,0
DA:897,0
DA:899,0
DA:900,0
DA:909,2
DA:910,0
DA:911,0
DA:912,0
DA:913,0
DA:914,0
DA:918,0
DA:945,0
DA:947,0
DA:948,0
DA:953,2
DA:954,0
DA:955,0
DA:956,0
DA:958,0
DA:969,0
DA:970,0
DA:973,0
DA:974,0
DA:983,0
DA:984,0
DA:993,2
DA:994,0
DA:995,0
DA:996,0
DA:997,0
DA:998,0
DA:1002,0
DA:1041,0
DA:1043,0
DA:1044,0
DA:1049,2
DA:1050,0
DA:1051,0
DA:1052,0
DA:1054,0
DA:1067,0
DA:1068,0
DA:1071,0
DA:1072,0
DA:1083,0
DA:1084,0
DA:1093,2
DA:1094,0
DA:1095,0
DA:1096,0
DA:1097,0
DA:1098,0
DA:1102,0
DA:1120,0
DA:1122,0
DA:1123,0
DA:1128,2
DA:1129,0
DA:1130,0
DA:1131,0
DA:1133,0
DA:1143,0
DA:1144,0
DA:1147,0
DA:1148,0
DA:1156,0
DA:1157,0
DA:1166,2
DA:1167,0
DA:1168,0
DA:1169,0
DA:1171,0
DA:1172,0
DA:1176,0
DA:1183,0
DA:1184,0
DA:1189,2
DA:1190,0
DA:1191,0
DA:1192,0
DA:1194,0
DA:1205,0
DA:1206,0
DA:1209,0
DA:1210,0
DA:1220,0
DA:1221,0
DA:1234,2
DA:1235,0
DA:1236,0
DA:1237,0
DA:1238,0
DA:1242,0
DA:1251,0
DA:1253,0
DA:1254,0
DA:1259,2
DA:1260,0
DA:1261,0
DA:1263,0
DA:1272,0
DA:1273,0
DA:1276,0
DA:1277,0
DA:1284,0
DA:1285,0
DA:1298,2
DA:1299,0
DA:1300,0
DA:1301,0
DA:1302,0
DA:1306,0
DA:1316,0
DA:1318,0
DA:1319,0
DA:1324,2
DA:1325,0
DA:1326,0
DA:1328,0
DA:1337,0
DA:1338,0
DA:1341,0
DA:1342,0
DA:1349,0
DA:1350,0
DA:1363,2
DA:1364,0
DA:1365,0
DA:1366,0
DA:1368,0
DA:1369,0
DA:1373,0
DA:1379,0
DA:1380,0
DA:1385,2
DA:1386,0
DA:1387,0
DA:1388,0
DA:1390,0
DA:1400,0
DA:1401,0
DA:1404,0
DA:1405,0
DA:1414,0
DA:1415,0
DA:1428,2
DA:1429,0
DA:1430,0
DA:1431,0
DA:1433,0
DA:1434,0
DA:1438,0
DA:1445,0
DA:1446,0
DA:1451,2
DA:1452,0
DA:1453,0
DA:1454,0
DA:1456,0
DA:1467,0
DA:1468,0
DA:1471,0
DA:1472,0
DA:1482,0
DA:1483,0
DA:1492,2
DA:1493,0
DA:1494,0
DA:1498,0
DA:1500,0
DA:1501,0
DA:1514,2
DA:1515,0
DA:1517,0
DA:1518,0
DA:1520,0
DA:1521,0
DA:1524,0
DA:1528,0
DA:1533,0
DA:1534,0
DA:1543,2
DA:1544,0
DA:1545,0
DA:1546,0
DA:1547,0
DA:1550,0
DA:1551,0
DA:1552,0
DA:1555,0
DA:1560,0
DA:1562,0
DA:1563,0
DA:1568,2
DA:1569,0
DA:1570,0
DA:1571,0
DA:1572,0
DA:1575,0
DA:1576,0
DA:1577,0
DA:1580,0
DA:1586,0
DA:1588,0
DA:1589,0
DA:1594,2
DA:1595,0
DA:1596,0
DA:1597,0
DA:1598,0
DA:1601,0
DA:1602,0
DA:1603,0
DA:1606,0
DA:1610,0
DA:1612,0
DA:1613,0
DA:1618,2
DA:1619,0
DA:1620,0
DA:1621,0
DA:1622,0
DA:1625,0
DA:1626,0
DA:1627,0
DA:1630,0
DA:1634,0
DA:1636,0
DA:1637,0
DA:1642,2
DA:1643,0
DA:1644,0
DA:1645,0
DA:1646,0
DA:1649,0
DA:1650,0
DA:1651,0
DA:1654,0
DA:1660,0
DA:1662,0
DA:1663,0
DA:1668,2
DA:1669,0
DA:1670,0
DA:1671,0
DA:1672,0
DA:1675,0
DA:1676,0
DA:1677,0
DA:1680,0
DA:1685,0
DA:1687,0
DA:1688,0
DA:1697,2
DA:1698,0
DA:1699,0
DA:1700,0
DA:1701,0
DA:1704,0
DA:1705,0
DA:1706,0
DA:1709,0
DA:1717,0
DA:1719,0
DA:1720,0
DA:1727,2
DA:1728,0
DA:1729,0
DA:1732,0
DA:1733,0
DA:1734,0
DA:1738,0
DA:1739,0
DA:1740,0
DA:1744,0
DA:1758,0
DA:1761,0
DA:1774,0
DA:1776,0
DA:1777,0
DA:1779,0
DA:1781,0
DA:1782,0
DA:1787,2
DA:1788,0
DA:1789,0
DA:1790,0
DA:1791,0
DA:1794,0
DA:1798,0
DA:1799,0
DA:1804,2
DA:1805,0
DA:1806,0
DA:1807,0
DA:1808,0
DA:1811,0
DA:1815,0
DA:1816,0
DA:1821,2
DA:1822,0
DA:1823,0
DA:1824,0
DA:1826,0
DA:1827,0
DA:1830,0
DA:1831,0
DA:1832,0
DA:1836,0
DA:1837,0
DA:1838,0
DA:1842,0
DA:1843,0
DA:1844,0
DA:1847,0
DA:1848,0
DA:1849,0
DA:1850,0
DA:1856,0
DA:1857,0
DA:1858,0
DA:1859,0
DA:1860,0
DA:1864,0
DA:1866,0
DA:1868,0
DA:1869,0
DA:1874,2
DA:1875,0
DA:1876,0
DA:1877,0
DA:1880,0
DA:1881,0
DA:1882,0
DA:1886,0
DA:1887,0
DA:1888,0
DA:1889,0
DA:1894,0
DA:1898,0
DA:1899,0
DA:1905,0
DA:1906,0
DA:1907,0
DA:1908,0
DA:1915,0
DA:1917,0
DA:1918,0
DA:1923,2
DA:1924,0
DA:1925,0
DA:1930,2
LF:663
LH:108
BRDA:13,0,0,2
BRDA:13,0,1,2
BRDA:37,1,0,0
BRDA:37,1,1,2
BRDA:46,2,0,0
BRDA:46,2,1,0
BRDA:48,3,0,0
BRDA:48,3,1,0
BRDA:56,4,0,0
BRDA:56,4,1,0
BRDA:77,5,0,0
BRDA:77,5,1,0
BRDA:101,6,0,0
BRDA:101,6,1,0
BRDA:139,7,0,0
BRDA:139,7,1,1
BRDA:142,8,0,0
BRDA:142,8,1,1
BRDA:148,9,0,1
BRDA:148,9,1,0
BRDA:149,10,0,0
BRDA:149,10,1,1
BRDA:166,11,0,0
BRDA:166,11,1,1
BRDA:166,12,0,0
BRDA:166,12,1,1
BRDA:166,13,0,0
BRDA:166,13,1,1
BRDA:181,14,0,0
BRDA:181,14,1,1
BRDA:185,15,0,0
BRDA:185,15,1,1
BRDA:208,16,0,0
BRDA:208,16,1,0
BRDA:236,17,0,0
BRDA:236,17,1,0
BRDA:260,18,0,0
BRDA:260,18,1,0
BRDA:263,19,0,0
BRDA:263,19,1,0
BRDA:263,20,0,0
BRDA:263,20,1,0
BRDA:271,21,0,0
BRDA:271,21,1,0
BRDA:273,22,0,0
BRDA:273,22,1,0
BRDA:296,23,0,0
BRDA:296,23,1,0
BRDA:298,24,0,0
BRDA:298,24,1,0
BRDA:311,25,0,0
BRDA:311,25,1,0
BRDA:312,26,0,0
BRDA:312,26,1,0
BRDA:313,27,0,0
BRDA:313,27,1,0
BRDA:314,28,0,0
BRDA:314,28,1,0
BRDA:315,29,0,0
BRDA:315,29,1,0
BRDA:316,30,0,0
BRDA:316,30,1,0
BRDA:338,31,0,0
BRDA:338,31,1,0
BRDA:357,32,0,0
BRDA:357,32,1,0
BRDA:363,33,0,0
BRDA:363,33,1,0
BRDA:370,34,0,0
BRDA:370,34,1,0
BRDA:377,35,0,0
BRDA:377,35,1,0
BRDA:401,36,0,0
BRDA:401,36,1,0
BRDA:402,37,0,0
BRDA:402,37,1,0
BRDA:403,38,0,0
BRDA:403,38,1,0
BRDA:409,39,0,0
BRDA:409,39,1,0
BRDA:433,40,0,0
BRDA:433,40,1,0
BRDA:436,41,0,0
BRDA:436,41,1,0
BRDA:447,42,0,0
BRDA:447,42,1,0
BRDA:448,43,0,0
BRDA:448,43,1,0
BRDA:449,44,0,0
BRDA:449,44,1,0
BRDA:457,45,0,0
BRDA:457,45,1,0
BRDA:458,46,0,0
BRDA:458,46,1,0
BRDA:459,47,0,0
BRDA:459,47,1,0
BRDA:460,48,0,0
BRDA:460,48,1,0
BRDA:482,49,0,0
BRDA:482,49,1,0
BRDA:483,50,0,0
BRDA:483,50,1,0
BRDA:484,51,0,0
BRDA:484,51,1,0
BRDA:490,52,0,0
BRDA:490,52,1,0
BRDA:513,53,0,0
BRDA:513,53,1,0
BRDA:519,54,0,0
BRDA:519,54,1,0
BRDA:524,55,0,0
BRDA:524,55,1,0
BRDA:549,56,0,0
BRDA:549,56,1,0
BRDA:550,57,0,0
BRDA:550,57,1,0
BRDA:556,58,0,0
BRDA:556,58,1,0
BRDA:578,59,0,0
BRDA:578,59,1,0
BRDA:584,60,0,0
BRDA:584,60,1,0
BRDA:602,61,0,0
BRDA:602,61,1,0
BRDA:608,62,0,0
BRDA:608,62,1,0
BRDA:629,63,0,0
BRDA:629,63,1,0
BRDA:635,64,0,0
BRDA:635,64,1,0
BRDA:642,65,0,0
BRDA:642,65,1,0
BRDA:650,66,0,0
BRDA:650,66,1,0
BRDA:675,67,0,0
BRDA:675,67,1,0
BRDA:676,68,0,0
BRDA:676,68,1,0
BRDA:677,69,0,0
BRDA:677,69,1,0
BRDA:683,70,0,0
BRDA:683,70,1,0
BRDA:711,71,0,0
BRDA:711,71,1,0
BRDA:717,72,0,0
BRDA:717,72,1,0
BRDA:724,73,0,0
BRDA:724,73,1,0
BRDA:731,74,0,0
BRDA:731,74,1,0
BRDA:752,75,0,0
BRDA:752,75,1,0
BRDA:758,76,0,0
BRDA:758,76,1,0
BRDA:768,77,0,0
BRDA:768,77,1,0
BRDA:778,78,0,0
BRDA:778,78,1,0
BRDA:788,79,0,0
BRDA:788,79,1,0
BRDA:810,80,0,0
BRDA:810,80,1,0
BRDA:816,81,0,0
BRDA:816,81,1,0
BRDA:839,82,0,0
BRDA:839,82,1,0
BRDA:845,83,0,0
BRDA:845,83,1,0
BRDA:866,84,0,0
BRDA:866,84,1,0
BRDA:872,85,0,0
BRDA:872,85,1,0
BRDA:879,86,0,0
BRDA:879,86,1,0
BRDA:886,87,0,0
BRDA:886,87,1,0
BRDA:913,88,0,0
BRDA:913,88,1,0
BRDA:919,89,0,0
BRDA:919,89,1,0
BRDA:925,90,0,0
BRDA:925,90,1,0
BRDA:935,91,0,0
BRDA:935,91,1,0
BRDA:961,92,0,0
BRDA:961,92,1,0
BRDA:962,93,0,0
BRDA:962,93,1,0
BRDA:963,94,0,0
BRDA:963,94,1,0
BRDA:969,95,0,0
BRDA:969,95,1,0
BRDA:997,96,0,0
BRDA:997,96,1,0
BRDA:1003,97,0,0
BRDA:1003,97,1,0
BRDA:1010,98,0,0
BRDA:1010,98,1,0
BRDA:1017,99,0,0
BRDA:1017,99,1,0
BRDA:1024,100,0,0
BRDA:1024,100,1,0
BRDA:1031,101,0,0
BRDA:1031,101,1,0
BRDA:1057,102,0,0
BRDA:1057,102,1,0
BRDA:1058,103,0,0
BRDA:1058,103,1,0
BRDA:1059,104,0,0
BRDA:1059,104,1,0
BRDA:1060,105,0,0
BRDA:1060,105,1,0
BRDA:1061,106,0,0
BRDA:1061,106,1,0
BRDA:1067,107,0,0
BRDA:1067,107,1,0
BRDA:1097,108,0,0
BRDA:1097,108,1,0
BRDA:1103,109,0,0
BRDA:1103,109,1,0
BRDA:1112,110,0,0
BRDA:1112,110,1,0
BRDA:1136,111,0,0
BRDA:1136,111,1,0
BRDA:1137,112,0,0
BRDA:1137,112,1,0
BRDA:1143,113,0,0
BRDA:1143,113,1,0
BRDA:1171,114,0,0
BRDA:1171,114,1,0
BRDA:1177,115,0,0
BRDA:1177,115,1,0
BRDA:1178,116,0,0
BRDA:1178,116,1,0
BRDA:1179,117,0,0
BRDA:1179,117,1,0
BRDA:1180,118,0,0
BRDA:1180,118,1,0
BRDA:1205,119,0,0
BRDA:1205,119,1,0
BRDA:1237,120,0,0
BRDA:1237,120,1,0
BRDA:1243,121,0,0
BRDA:1243,121,1,0
BRDA:1266,122,0,0
BRDA:1266,122,1,0
BRDA:1272,123,0,0
BRDA:1272,123,1,0
BRDA:1301,124,0,0
BRDA:1301,124,1,0
BRDA:1307,125,0,0
BRDA:1307,125,1,0
BRDA:1331,126,0,0
BRDA:1331,126,1,0
BRDA:1337,127,0,0
BRDA:1337,127,1,0
BRDA:1368,128,0,0
BRDA:1368,128,1,0
BRDA:1374,129,0,0
BRDA:1374,129,1,0
BRDA:1375,130,0,0
BRDA:1375,130,1,0
BRDA:1376,131,0,0
BRDA:1376,131,1,0
BRDA:1400,132,0,0
BRDA:1400,132,1,0
BRDA:1433,133,0,0
BRDA:1433,133,1,0
BRDA:1439,134,0,0
BRDA:1439,134,1,0
BRDA:1440,135,0,0
BRDA:1440,135,1,0
BRDA:1441,136,0,0
BRDA:1441,136,1,0
BRDA:1442,137,0,0
BRDA:1442,137,1,0
BRDA:1467,138,0,0
BRDA:1467,138,1,0
BRDA:1520,139,0,0
BRDA:1520,139,1,0
BRDA:1546,140,0,0
BRDA:1546,140,1,0
BRDA:1546,141,0,0
BRDA:1546,141,1,0
BRDA:1551,142,0,0
BRDA:1551,142,1,0
BRDA:1556,143,0,0
BRDA:1556,143,1,0
BRDA:1557,144,0,0
BRDA:1557,144,1,0
BRDA:1571,145,0,0
BRDA:1571,145,1,0
BRDA:1571,146,0,0
BRDA:1571,146,1,0
BRDA:1576,147,0,0
BRDA:1576,147,1,0
BRDA:1581,148,0,0
BRDA:1581,148,1,0
BRDA:1582,149,0,0
BRDA:1582,149,1,0
BRDA:1583,150,0,0
BRDA:1583,150,1,0
BRDA:1597,151,0,0
BRDA:1597,151,1,0
BRDA:1597,152,0,0
BRDA:1597,152,1,0
BRDA:1602,153,0,0
BRDA:1602,153,1,0
BRDA:1607,154,0,0
BRDA:1607,154,1,0
BRDA:1621,155,0,0
BRDA:1621,155,1,0
BRDA:1621,156,0,0
BRDA:1621,156,1,0
BRDA:1626,157,0,0
BRDA:1626,157,1,0
BRDA:1631,158,0,0
BRDA:1631,158,1,0
BRDA:1645,159,0,0
BRDA:1645,159,1,0
BRDA:1645,160,0,0
BRDA:1645,160,1,0
BRDA:1650,161,0,0
BRDA:1650,161,1,0
BRDA:1655,162,0,0
BRDA:1655,162,1,0
BRDA:1656,163,0,0
BRDA:1656,163,1,0
BRDA:1657,164,0,0
BRDA:1657,164,1,0
BRDA:1671,165,0,0
BRDA:1671,165,1,0
BRDA:1671,166,0,0
BRDA:1671,166,1,0
BRDA:1676,167,0,0
BRDA:1676,167,1,0
BRDA:1681,168,0,0
BRDA:1681,168,1,0
BRDA:1682,169,0,0
BRDA:1682,169,1,0
BRDA:1700,170,0,0
BRDA:1700,170,1,0
BRDA:1700,171,0,0
BRDA:1700,171,1,0
BRDA:1705,172,0,0
BRDA:1705,172,1,0
BRDA:1710,173,0,0
BRDA:1710,173,1,0
BRDA:1711,174,0,0
BRDA:1711,174,1,0
BRDA:1712,175,0,0
BRDA:1712,175,1,0
BRDA:1713,176,0,0
BRDA:1713,176,1,0
BRDA:1714,177,0,0
BRDA:1714,177,1,0
BRDA:1733,178,0,0
BRDA:1733,178,1,0
BRDA:1739,179,0,0
BRDA:1739,179,1,0
BRDA:1754,180,0,0
BRDA:1754,180,1,0
BRDA:1770,181,0,0
BRDA:1770,181,1,0
BRDA:1790,182,0,0
BRDA:1790,182,1,0
BRDA:1795,183,0,0
BRDA:1795,183,1,0
BRDA:1807,184,0,0
BRDA:1807,184,1,0
BRDA:1812,185,0,0
BRDA:1812,185,1,0
BRDA:1826,186,0,0
BRDA:1826,186,1,0
BRDA:1831,187,0,0
BRDA:1831,187,1,0
BRDA:1837,188,0,0
BRDA:1837,188,1,0
BRDA:1844,189,0,0
BRDA:1844,189,1,0
BRDA:1848,190,0,0
BRDA:1848,190,1,0
BRDA:1850,191,0,0
BRDA:1850,191,1,0
BRDA:1850,191,2,0
BRDA:1850,191,3,0
BRDA:1856,192,0,0
BRDA:1856,192,1,0
BRDA:1859,193,0,0
BRDA:1859,193,1,0
BRDA:1881,194,0,0
BRDA:1881,194,1,0
BRDA:1886,195,0,0
BRDA:1886,195,1,0
BRDA:1888,196,0,0
BRDA:1888,196,1,0
BRDA:1888,197,0,0
BRDA:1888,197,1,0
BRDA:1899,198,0,0
BRDA:1899,198,1,0
BRDA:1899,198,2,0
BRDA:1899,198,3,0
BRDA:1905,199,0,0
BRDA:1905,199,1,0
BRDA:1907,200,0,0
BRDA:1907,200,1,0
BRDA:1907,201,0,0
BRDA:1907,201,1,0
BRDA:1923,202,0,0
BRDA:1923,202,1,2
BRF:410
BRH:13
end_of_record
